2024-08-08 17:14:00,058 INFO    StreamThr :289215 [internal.py:wandb_internal():86] W&B internal server running at pid: 289215, started at: 2024-08-08 17:14:00.057479
2024-08-08 17:14:00,060 DEBUG   HandlerThread:289215 [handler.py:handle_request():146] handle_request: status
2024-08-08 17:14:00,063 INFO    WriterThread:289215 [datastore.py:open_for_write():85] open: /home/rwkv/JL/GMM/llama/wandb/run-20240808_171400-csoaz0cf/run-csoaz0cf.wandb
2024-08-08 17:14:00,065 DEBUG   SenderThread:289215 [sender.py:send():382] send: header
2024-08-08 17:14:00,102 DEBUG   SenderThread:289215 [sender.py:send():382] send: run
2024-08-08 17:14:00,265 INFO    SenderThread:289215 [dir_watcher.py:__init__():211] watching files in: /home/rwkv/JL/GMM/llama/wandb/run-20240808_171400-csoaz0cf/files
2024-08-08 17:14:00,265 INFO    SenderThread:289215 [sender.py:_start_run_threads():1136] run started: csoaz0cf with start time 1723108440.05766
2024-08-08 17:14:00,278 DEBUG   HandlerThread:289215 [handler.py:handle_request():146] handle_request: check_version
2024-08-08 17:14:00,279 DEBUG   SenderThread:289215 [sender.py:send_request():409] send_request: check_version
2024-08-08 17:14:00,379 DEBUG   HandlerThread:289215 [handler.py:handle_request():146] handle_request: run_start
2024-08-08 17:14:00,393 DEBUG   HandlerThread:289215 [system_info.py:__init__():32] System info init
2024-08-08 17:14:00,393 DEBUG   HandlerThread:289215 [system_info.py:__init__():47] System info init done
2024-08-08 17:14:00,393 INFO    HandlerThread:289215 [system_monitor.py:start():194] Starting system monitor
2024-08-08 17:14:00,394 INFO    SystemMonitor:289215 [system_monitor.py:_start():158] Starting system asset monitoring threads
2024-08-08 17:14:00,394 INFO    HandlerThread:289215 [system_monitor.py:probe():214] Collecting system info
2024-08-08 17:14:00,395 INFO    SystemMonitor:289215 [interfaces.py:start():190] Started cpu monitoring
2024-08-08 17:14:00,395 INFO    SystemMonitor:289215 [interfaces.py:start():190] Started disk monitoring
2024-08-08 17:14:00,396 INFO    SystemMonitor:289215 [interfaces.py:start():190] Started gpu monitoring
2024-08-08 17:14:00,397 INFO    SystemMonitor:289215 [interfaces.py:start():190] Started memory monitoring
2024-08-08 17:14:00,397 INFO    SystemMonitor:289215 [interfaces.py:start():190] Started network monitoring
2024-08-08 17:14:00,406 DEBUG   HandlerThread:289215 [system_info.py:probe():196] Probing system
2024-08-08 17:14:00,407 DEBUG   HandlerThread:289215 [system_info.py:_probe_git():181] Probing git
2024-08-08 17:14:00,410 DEBUG   HandlerThread:289215 [system_info.py:_probe_git():189] Probing git done
2024-08-08 17:14:00,410 DEBUG   HandlerThread:289215 [system_info.py:probe():244] Probing system done
2024-08-08 17:14:00,410 DEBUG   HandlerThread:289215 [system_monitor.py:probe():223] {'os': 'Linux-6.5.0-44-generic-x86_64-with-glibc2.35', 'python': '3.10.13', 'heartbeatAt': '2024-08-08T09:14:00.406221', 'startedAt': '2024-08-08T09:14:00.050170', 'docker': None, 'cuda': None, 'args': ('--local_rank=0', '--deepspeed', 'configs/ds_config_zero2_no_offload.json', '--model_name_or_path', '/home/rwkv/JL/model/llama2-7b', '--data_path', '/home/rwkv/JL/model/MetaMathQA', '--dataset_field', 'query', 'response', '--dataset_split', 'train[:100000]', '--output_dir', '/home/rwkv/JL/out_model/llama-test', '--num_train_epochs', '1', '--model_max_length', '512', '--per_device_train_batch_size', '1', '--gradient_accumulation_steps', '32', '--save_strategy', 'steps', '--save_steps', '4000', '--save_total_limit', '2', '--learning_rate', '2e-5', '--weight_decay', '0.', '--warmup_ratio', '0.', '--logging_steps', '1', '--lr_scheduler_type', 'cosine', '--report_to', 'wandb', '--merge', 'True', '--run_name', 'ttt'), 'state': 'running', 'program': '/home/rwkv/JL/GMM/llama/gmm.py', 'codePathLocal': 'gmm.py', 'codePath': 'llama/gmm.py', 'git': {'remote': 'https://github.com/JL-er/GMM.git', 'commit': '74dce7f004b5b16bfd24c8ca22e737aee6ff0769'}, 'email': '997529190@qq.com', 'root': '/home/rwkv/JL/GMM', 'host': 'rwkv-Z790M-AORUS-ELITE-AX', 'username': 'rwkv', 'executable': '/home/rwkv/miniconda3/bin/python', 'cpu_count': 20, 'cpu_count_logical': 28, 'cpu_freq': {'current': 1318.0732142857144, 'min': 800.0, 'max': 5000.0}, 'cpu_freq_per_core': [{'current': 2057.54, 'min': 800.0, 'max': 5500.0}, {'current': 800.0, 'min': 800.0, 'max': 5500.0}, {'current': 2264.656, 'min': 800.0, 'max': 5500.0}, {'current': 1901.903, 'min': 800.0, 'max': 5500.0}, {'current': 2082.853, 'min': 800.0, 'max': 5500.0}, {'current': 2060.112, 'min': 800.0, 'max': 5500.0}, {'current': 2233.287, 'min': 800.0, 'max': 5500.0}, {'current': 2099.148, 'min': 800.0, 'max': 5500.0}, {'current': 2012.414, 'min': 800.0, 'max': 5600.0}, {'current': 800.0, 'min': 800.0, 'max': 5600.0}, {'current': 2097.078, 'min': 800.0, 'max': 5600.0}, {'current': 2047.074, 'min': 800.0, 'max': 5600.0}, {'current': 800.0, 'min': 800.0, 'max': 5500.0}, {'current': 1981.997, 'min': 800.0, 'max': 5500.0}, {'current': 800.0, 'min': 800.0, 'max': 5500.0}, {'current': 800.0, 'min': 800.0, 'max': 5500.0}, {'current': 1663.015, 'min': 800.0, 'max': 4300.0}, {'current': 800.0, 'min': 800.0, 'max': 4300.0}, {'current': 800.0, 'min': 800.0, 'max': 4300.0}, {'current': 800.0, 'min': 800.0, 'max': 4300.0}, {'current': 800.0, 'min': 800.0, 'max': 4300.0}, {'current': 800.0, 'min': 800.0, 'max': 4300.0}, {'current': 800.0, 'min': 800.0, 'max': 4300.0}, {'current': 800.0, 'min': 800.0, 'max': 4300.0}, {'current': 800.0, 'min': 800.0, 'max': 4300.0}, {'current': 800.0, 'min': 800.0, 'max': 4300.0}, {'current': 800.0, 'min': 800.0, 'max': 4300.0}, {'current': 800.0, 'min': 800.0, 'max': 4300.0}], 'disk': {'/': {'total': 916.2753829956055, 'used': 481.0166931152344}}, 'gpu': 'NVIDIA GeForce RTX 4090', 'gpu_count': 1, 'gpu_devices': [{'name': 'NVIDIA GeForce RTX 4090', 'memory_total': 25757220864}], 'memory': {'total': 62.55397415161133}}
2024-08-08 17:14:00,410 INFO    HandlerThread:289215 [system_monitor.py:probe():224] Finished collecting system info
2024-08-08 17:14:00,410 INFO    HandlerThread:289215 [system_monitor.py:probe():227] Publishing system info
2024-08-08 17:14:00,410 DEBUG   HandlerThread:289215 [system_info.py:_save_pip():52] Saving list of pip packages installed into the current environment
2024-08-08 17:14:00,410 DEBUG   HandlerThread:289215 [system_info.py:_save_pip():68] Saving pip packages done
2024-08-08 17:14:00,410 DEBUG   HandlerThread:289215 [system_info.py:_save_conda():75] Saving list of conda packages installed into the current environment
2024-08-08 17:14:01,265 INFO    Thread-12 :289215 [dir_watcher.py:_on_file_created():271] file/dir created: /home/rwkv/JL/GMM/llama/wandb/run-20240808_171400-csoaz0cf/files/conda-environment.yaml
2024-08-08 17:14:01,265 INFO    Thread-12 :289215 [dir_watcher.py:_on_file_created():271] file/dir created: /home/rwkv/JL/GMM/llama/wandb/run-20240808_171400-csoaz0cf/files/requirements.txt
2024-08-08 17:14:02,080 DEBUG   HandlerThread:289215 [system_info.py:_save_conda():87] Saving conda packages done
2024-08-08 17:14:02,080 DEBUG   HandlerThread:289215 [system_info.py:_save_code():90] Saving code
2024-08-08 17:14:02,081 DEBUG   HandlerThread:289215 [system_info.py:_save_code():111] Saving code done
2024-08-08 17:14:02,081 DEBUG   HandlerThread:289215 [system_info.py:_save_patches():128] Saving git patches
2024-08-08 17:14:02,119 DEBUG   HandlerThread:289215 [system_info.py:_save_patches():170] Saving git patches done
2024-08-08 17:14:02,119 INFO    HandlerThread:289215 [system_monitor.py:probe():229] Finished publishing system info
2024-08-08 17:14:02,120 DEBUG   SenderThread:289215 [sender.py:send():382] send: files
2024-08-08 17:14:02,120 INFO    SenderThread:289215 [sender.py:_save_file():1392] saving file wandb-metadata.json with policy now
2024-08-08 17:14:02,120 INFO    SenderThread:289215 [sender.py:_save_file():1392] saving file code/llama/gmm.py with policy now
2024-08-08 17:14:02,120 INFO    SenderThread:289215 [sender.py:_save_file():1392] saving file diff.patch with policy now
2024-08-08 17:14:02,123 DEBUG   HandlerThread:289215 [handler.py:handle_request():146] handle_request: stop_status
2024-08-08 17:14:02,123 DEBUG   HandlerThread:289215 [handler.py:handle_request():146] handle_request: internal_messages
2024-08-08 17:14:02,123 DEBUG   SenderThread:289215 [sender.py:send_request():409] send_request: stop_status
2024-08-08 17:14:02,265 INFO    Thread-12 :289215 [dir_watcher.py:_on_file_modified():288] file/dir modified: /home/rwkv/JL/GMM/llama/wandb/run-20240808_171400-csoaz0cf/files/conda-environment.yaml
2024-08-08 17:14:02,265 INFO    Thread-12 :289215 [dir_watcher.py:_on_file_created():271] file/dir created: /home/rwkv/JL/GMM/llama/wandb/run-20240808_171400-csoaz0cf/files/code/llama/gmm.py
2024-08-08 17:14:02,265 INFO    Thread-12 :289215 [dir_watcher.py:_on_file_created():271] file/dir created: /home/rwkv/JL/GMM/llama/wandb/run-20240808_171400-csoaz0cf/files/wandb-metadata.json
2024-08-08 17:14:02,265 INFO    Thread-12 :289215 [dir_watcher.py:_on_file_created():271] file/dir created: /home/rwkv/JL/GMM/llama/wandb/run-20240808_171400-csoaz0cf/files/diff.patch
2024-08-08 17:14:02,265 INFO    Thread-12 :289215 [dir_watcher.py:_on_file_created():271] file/dir created: /home/rwkv/JL/GMM/llama/wandb/run-20240808_171400-csoaz0cf/files/code/llama
2024-08-08 17:14:02,265 INFO    Thread-12 :289215 [dir_watcher.py:_on_file_created():271] file/dir created: /home/rwkv/JL/GMM/llama/wandb/run-20240808_171400-csoaz0cf/files/code
2024-08-08 17:14:02,361 ERROR   wandb-upload_0:289215 [internal_api.py:upload_file():2761] upload_file exception http://dian.sea-group.org:9098/local-files/mobius/huggingface/csoaz0cf/wandb-metadata.json?X-Amz-Algorithm=AWS4-HMAC-SHA256&X-Amz-Credential=FS%2BimP8205gHBuibMeAr0A%3D%3D%2F20240808%2Fwandb-local%2Fs3%2Faws4_request&X-Amz-Date=20240808T091402Z&X-Amz-Expires=86400&X-Amz-SignedHeaders=host&X-User=mobius&X-Amz-Signature=d0b1ab7d1f2b492a80272064d017ced7b6a5cf80cd7d69ec68fb72acf92985c1: 503 Server Error: Service Unavailable for url: http://dian.sea-group.org:9098/local-files/mobius/huggingface/csoaz0cf/wandb-metadata.json?X-Amz-Algorithm=AWS4-HMAC-SHA256&X-Amz-Credential=FS%2BimP8205gHBuibMeAr0A%3D%3D%2F20240808%2Fwandb-local%2Fs3%2Faws4_request&X-Amz-Date=20240808T091402Z&X-Amz-Expires=86400&X-Amz-SignedHeaders=host&X-User=mobius&X-Amz-Signature=d0b1ab7d1f2b492a80272064d017ced7b6a5cf80cd7d69ec68fb72acf92985c1
2024-08-08 17:14:02,361 ERROR   wandb-upload_0:289215 [internal_api.py:upload_file():2763] upload_file request headers: {'User-Agent': 'python-requests/2.31.0', 'Accept-Encoding': 'gzip, deflate, br, zstd', 'Accept': '*/*', 'Connection': 'keep-alive', 'Content-Length': '5254', 'Authorization': 'Basic dXNlcjpsb2NhbC0yNWIwMmYyNWUzNGUzOTlkYmI1OWJjNjFlZWVmY2RkZTYzNDRhOGI2'}
2024-08-08 17:14:02,361 ERROR   wandb-upload_0:289215 [internal_api.py:upload_file():2765] upload_file response body: b'<?xml version="1.0" encoding="UTF-8"?>\n<Error><Code>SlowDown</Code><Message>Resource requested is unreadable, please reduce your request rate</Message><Key>mobius/huggingface/csoaz0cf/wandb-metadata.json</Key><BucketName>local-files</BucketName><Resource>/local-files/mobius/huggingface/csoaz0cf/wandb-metadata.json</Resource><Region>wandb-local</Region><RequestId>17E9B5FFB690BB29</RequestId><HostId>18bf63b7-01d2-4a3f-8eda-6b508ac9c4f3</HostId></Error>'
2024-08-08 17:14:02,372 DEBUG   SenderThread:289215 [sender.py:send():382] send: telemetry
2024-08-08 17:14:02,372 DEBUG   SenderThread:289215 [sender.py:send():382] send: config
2024-08-08 17:14:02,372 DEBUG   SenderThread:289215 [sender.py:send():382] send: metric
2024-08-08 17:14:02,372 DEBUG   SenderThread:289215 [sender.py:send():382] send: telemetry
2024-08-08 17:14:02,372 DEBUG   SenderThread:289215 [sender.py:send():382] send: metric
2024-08-08 17:14:02,372 WARNING SenderThread:289215 [sender.py:send_metric():1343] Seen metric with glob (shouldn't happen)
2024-08-08 17:14:02,372 DEBUG   SenderThread:289215 [sender.py:send():382] send: telemetry
2024-08-08 17:14:02,372 DEBUG   SenderThread:289215 [sender.py:send():382] send: telemetry
2024-08-08 17:14:02,372 DEBUG   SenderThread:289215 [sender.py:send():382] send: config
2024-08-08 17:14:02,373 DEBUG   SenderThread:289215 [sender.py:send():382] send: exit
2024-08-08 17:14:02,373 INFO    SenderThread:289215 [sender.py:send_exit():589] handling exit code: 1
2024-08-08 17:14:02,373 INFO    SenderThread:289215 [sender.py:send_exit():591] handling runtime: 1
2024-08-08 17:14:02,373 INFO    SenderThread:289215 [sender.py:_save_file():1392] saving file wandb-summary.json with policy end
2024-08-08 17:14:02,373 INFO    SenderThread:289215 [sender.py:send_exit():597] send defer
2024-08-08 17:14:02,373 DEBUG   HandlerThread:289215 [handler.py:handle_request():146] handle_request: defer
2024-08-08 17:14:02,373 INFO    HandlerThread:289215 [handler.py:handle_request_defer():172] handle defer: 0
2024-08-08 17:14:02,373 DEBUG   SenderThread:289215 [sender.py:send_request():409] send_request: defer
2024-08-08 17:14:02,374 INFO    SenderThread:289215 [sender.py:send_request_defer():613] handle sender defer: 0
2024-08-08 17:14:02,374 INFO    SenderThread:289215 [sender.py:transition_state():617] send defer: 1
2024-08-08 17:14:02,374 DEBUG   HandlerThread:289215 [handler.py:handle_request():146] handle_request: defer
2024-08-08 17:14:02,374 INFO    HandlerThread:289215 [handler.py:handle_request_defer():172] handle defer: 1
2024-08-08 17:14:02,374 DEBUG   SenderThread:289215 [sender.py:send_request():409] send_request: defer
2024-08-08 17:14:02,374 INFO    SenderThread:289215 [sender.py:send_request_defer():613] handle sender defer: 1
2024-08-08 17:14:02,374 INFO    SenderThread:289215 [sender.py:transition_state():617] send defer: 2
2024-08-08 17:14:02,374 DEBUG   HandlerThread:289215 [handler.py:handle_request():146] handle_request: defer
2024-08-08 17:14:02,374 INFO    HandlerThread:289215 [handler.py:handle_request_defer():172] handle defer: 2
2024-08-08 17:14:02,374 INFO    HandlerThread:289215 [system_monitor.py:finish():203] Stopping system monitor
2024-08-08 17:14:02,374 DEBUG   SystemMonitor:289215 [system_monitor.py:_start():172] Starting system metrics aggregation loop
2024-08-08 17:14:02,374 DEBUG   SystemMonitor:289215 [system_monitor.py:_start():179] Finished system metrics aggregation loop
2024-08-08 17:14:02,374 DEBUG   SystemMonitor:289215 [system_monitor.py:_start():183] Publishing last batch of metrics
2024-08-08 17:14:02,374 INFO    HandlerThread:289215 [interfaces.py:finish():202] Joined cpu monitor
2024-08-08 17:14:02,374 INFO    HandlerThread:289215 [interfaces.py:finish():202] Joined disk monitor
2024-08-08 17:14:02,395 INFO    HandlerThread:289215 [interfaces.py:finish():202] Joined gpu monitor
2024-08-08 17:14:02,395 INFO    HandlerThread:289215 [interfaces.py:finish():202] Joined memory monitor
2024-08-08 17:14:02,395 INFO    HandlerThread:289215 [interfaces.py:finish():202] Joined network monitor
2024-08-08 17:14:02,395 DEBUG   SenderThread:289215 [sender.py:send_request():409] send_request: defer
2024-08-08 17:14:02,395 INFO    SenderThread:289215 [sender.py:send_request_defer():613] handle sender defer: 2
2024-08-08 17:14:02,395 INFO    SenderThread:289215 [sender.py:transition_state():617] send defer: 3
2024-08-08 17:14:02,395 DEBUG   SenderThread:289215 [sender.py:send():382] send: stats
2024-08-08 17:14:02,395 DEBUG   HandlerThread:289215 [handler.py:handle_request():146] handle_request: defer
2024-08-08 17:14:02,395 INFO    HandlerThread:289215 [handler.py:handle_request_defer():172] handle defer: 3
2024-08-08 17:14:02,395 DEBUG   SenderThread:289215 [sender.py:send_request():409] send_request: defer
2024-08-08 17:14:02,395 INFO    SenderThread:289215 [sender.py:send_request_defer():613] handle sender defer: 3
2024-08-08 17:14:02,395 INFO    SenderThread:289215 [sender.py:transition_state():617] send defer: 4
2024-08-08 17:14:02,395 DEBUG   HandlerThread:289215 [handler.py:handle_request():146] handle_request: defer
2024-08-08 17:14:02,395 INFO    HandlerThread:289215 [handler.py:handle_request_defer():172] handle defer: 4
2024-08-08 17:14:02,395 DEBUG   SenderThread:289215 [sender.py:send_request():409] send_request: defer
2024-08-08 17:14:02,395 INFO    SenderThread:289215 [sender.py:send_request_defer():613] handle sender defer: 4
2024-08-08 17:14:02,395 INFO    SenderThread:289215 [sender.py:transition_state():617] send defer: 5
2024-08-08 17:14:02,396 DEBUG   HandlerThread:289215 [handler.py:handle_request():146] handle_request: defer
2024-08-08 17:14:02,396 INFO    HandlerThread:289215 [handler.py:handle_request_defer():172] handle defer: 5
2024-08-08 17:14:02,396 DEBUG   SenderThread:289215 [sender.py:send():382] send: summary
2024-08-08 17:14:02,396 INFO    SenderThread:289215 [sender.py:_save_file():1392] saving file wandb-summary.json with policy end
2024-08-08 17:14:02,396 DEBUG   SenderThread:289215 [sender.py:send_request():409] send_request: defer
2024-08-08 17:14:02,396 INFO    SenderThread:289215 [sender.py:send_request_defer():613] handle sender defer: 5
2024-08-08 17:14:02,396 INFO    SenderThread:289215 [sender.py:transition_state():617] send defer: 6
2024-08-08 17:14:02,396 DEBUG   HandlerThread:289215 [handler.py:handle_request():146] handle_request: defer
2024-08-08 17:14:02,396 INFO    HandlerThread:289215 [handler.py:handle_request_defer():172] handle defer: 6
2024-08-08 17:14:02,396 DEBUG   SenderThread:289215 [sender.py:send_request():409] send_request: defer
2024-08-08 17:14:02,396 INFO    SenderThread:289215 [sender.py:send_request_defer():613] handle sender defer: 6
2024-08-08 17:14:02,398 DEBUG   HandlerThread:289215 [handler.py:handle_request():146] handle_request: status_report
2024-08-08 17:14:02,496 ERROR   wandb-upload_1:289215 [internal_api.py:upload_file():2761] upload_file exception http://dian.sea-group.org:9098/local-files/mobius/huggingface/csoaz0cf/code/llama/gmm.py?X-Amz-Algorithm=AWS4-HMAC-SHA256&X-Amz-Credential=FS%2BimP8205gHBuibMeAr0A%3D%3D%2F20240808%2Fwandb-local%2Fs3%2Faws4_request&X-Amz-Date=20240808T091402Z&X-Amz-Expires=86400&X-Amz-SignedHeaders=host&X-User=mobius&X-Amz-Signature=69ea93a2310c17287c999db71cb7632f340a2af6313012cd0a84bb4b7e0570b9: 503 Server Error: Service Unavailable for url: http://dian.sea-group.org:9098/local-files/mobius/huggingface/csoaz0cf/code/llama/gmm.py?X-Amz-Algorithm=AWS4-HMAC-SHA256&X-Amz-Credential=FS%2BimP8205gHBuibMeAr0A%3D%3D%2F20240808%2Fwandb-local%2Fs3%2Faws4_request&X-Amz-Date=20240808T091402Z&X-Amz-Expires=86400&X-Amz-SignedHeaders=host&X-User=mobius&X-Amz-Signature=69ea93a2310c17287c999db71cb7632f340a2af6313012cd0a84bb4b7e0570b9
2024-08-08 17:14:02,496 ERROR   wandb-upload_1:289215 [internal_api.py:upload_file():2763] upload_file request headers: {'User-Agent': 'python-requests/2.31.0', 'Accept-Encoding': 'gzip, deflate, br, zstd', 'Accept': '*/*', 'Connection': 'keep-alive', 'Content-Length': '14190', 'Authorization': 'Basic dXNlcjpsb2NhbC0yNWIwMmYyNWUzNGUzOTlkYmI1OWJjNjFlZWVmY2RkZTYzNDRhOGI2'}
2024-08-08 17:14:02,496 ERROR   wandb-upload_1:289215 [internal_api.py:upload_file():2765] upload_file response body: b'<?xml version="1.0" encoding="UTF-8"?>\n<Error><Code>SlowDown</Code><Message>Resource requested is unreadable, please reduce your request rate</Message><Key>mobius/huggingface/csoaz0cf/code/llama/gmm.py</Key><BucketName>local-files</BucketName><Resource>/local-files/mobius/huggingface/csoaz0cf/code/llama/gmm.py</Resource><Region>wandb-local</Region><RequestId>17E9B5FFB8F979BF</RequestId><HostId>18bf63b7-01d2-4a3f-8eda-6b508ac9c4f3</HostId></Error>'
2024-08-08 17:14:02,510 ERROR   wandb-upload_2:289215 [internal_api.py:upload_file():2761] upload_file exception http://dian.sea-group.org:9098/local-files/mobius/huggingface/csoaz0cf/diff.patch?X-Amz-Algorithm=AWS4-HMAC-SHA256&X-Amz-Credential=FS%2BimP8205gHBuibMeAr0A%3D%3D%2F20240808%2Fwandb-local%2Fs3%2Faws4_request&X-Amz-Date=20240808T091402Z&X-Amz-Expires=86400&X-Amz-SignedHeaders=host&X-User=mobius&X-Amz-Signature=266a0b8529f891f47ed8778210152b9a06364d86406b03bdd4e4a82577ab5786: 503 Server Error: Service Unavailable for url: http://dian.sea-group.org:9098/local-files/mobius/huggingface/csoaz0cf/diff.patch?X-Amz-Algorithm=AWS4-HMAC-SHA256&X-Amz-Credential=FS%2BimP8205gHBuibMeAr0A%3D%3D%2F20240808%2Fwandb-local%2Fs3%2Faws4_request&X-Amz-Date=20240808T091402Z&X-Amz-Expires=86400&X-Amz-SignedHeaders=host&X-User=mobius&X-Amz-Signature=266a0b8529f891f47ed8778210152b9a06364d86406b03bdd4e4a82577ab5786
2024-08-08 17:14:02,510 ERROR   wandb-upload_2:289215 [internal_api.py:upload_file():2763] upload_file request headers: {'User-Agent': 'python-requests/2.31.0', 'Accept-Encoding': 'gzip, deflate, br, zstd', 'Accept': '*/*', 'Connection': 'keep-alive', 'Content-Length': '291738', 'Authorization': 'Basic dXNlcjpsb2NhbC0yNWIwMmYyNWUzNGUzOTlkYmI1OWJjNjFlZWVmY2RkZTYzNDRhOGI2'}
2024-08-08 17:14:02,510 ERROR   wandb-upload_2:289215 [internal_api.py:upload_file():2765] upload_file response body: b'<?xml version="1.0" encoding="UTF-8"?>\n<Error><Code>SlowDown</Code><Message>Resource requested is unreadable, please reduce your request rate</Message><Key>mobius/huggingface/csoaz0cf/diff.patch</Key><BucketName>local-files</BucketName><Resource>/local-files/mobius/huggingface/csoaz0cf/diff.patch</Resource><Region>wandb-local</Region><RequestId>17E9B5FFB49846F2</RequestId><HostId>18bf63b7-01d2-4a3f-8eda-6b508ac9c4f3</HostId></Error>'
2024-08-08 17:14:02,581 INFO    SenderThread:289215 [sender.py:transition_state():617] send defer: 7
2024-08-08 17:14:02,581 DEBUG   HandlerThread:289215 [handler.py:handle_request():146] handle_request: defer
2024-08-08 17:14:02,581 INFO    HandlerThread:289215 [handler.py:handle_request_defer():172] handle defer: 7
2024-08-08 17:14:02,581 DEBUG   SenderThread:289215 [sender.py:send_request():409] send_request: defer
2024-08-08 17:14:02,581 INFO    SenderThread:289215 [sender.py:send_request_defer():613] handle sender defer: 7
2024-08-08 17:14:03,265 INFO    Thread-12 :289215 [dir_watcher.py:_on_file_modified():288] file/dir modified: /home/rwkv/JL/GMM/llama/wandb/run-20240808_171400-csoaz0cf/files/config.yaml
2024-08-08 17:14:03,265 INFO    Thread-12 :289215 [dir_watcher.py:_on_file_created():271] file/dir created: /home/rwkv/JL/GMM/llama/wandb/run-20240808_171400-csoaz0cf/files/wandb-summary.json
2024-08-08 17:14:03,265 INFO    Thread-12 :289215 [dir_watcher.py:_on_file_created():271] file/dir created: /home/rwkv/JL/GMM/llama/wandb/run-20240808_171400-csoaz0cf/files/output.log
2024-08-08 17:14:03,363 DEBUG   HandlerThread:289215 [handler.py:handle_request():146] handle_request: poll_exit
2024-08-08 17:14:03,535 ERROR   wandb-upload_0:289215 [internal_api.py:upload_file():2761] upload_file exception http://dian.sea-group.org:9098/local-files/mobius/huggingface/csoaz0cf/wandb-metadata.json?X-Amz-Algorithm=AWS4-HMAC-SHA256&X-Amz-Credential=FS%2BimP8205gHBuibMeAr0A%3D%3D%2F20240808%2Fwandb-local%2Fs3%2Faws4_request&X-Amz-Date=20240808T091402Z&X-Amz-Expires=86400&X-Amz-SignedHeaders=host&X-User=mobius&X-Amz-Signature=d0b1ab7d1f2b492a80272064d017ced7b6a5cf80cd7d69ec68fb72acf92985c1: 503 Server Error: Service Unavailable for url: http://dian.sea-group.org:9098/local-files/mobius/huggingface/csoaz0cf/wandb-metadata.json?X-Amz-Algorithm=AWS4-HMAC-SHA256&X-Amz-Credential=FS%2BimP8205gHBuibMeAr0A%3D%3D%2F20240808%2Fwandb-local%2Fs3%2Faws4_request&X-Amz-Date=20240808T091402Z&X-Amz-Expires=86400&X-Amz-SignedHeaders=host&X-User=mobius&X-Amz-Signature=d0b1ab7d1f2b492a80272064d017ced7b6a5cf80cd7d69ec68fb72acf92985c1
2024-08-08 17:14:03,535 ERROR   wandb-upload_0:289215 [internal_api.py:upload_file():2763] upload_file request headers: {'User-Agent': 'python-requests/2.31.0', 'Accept-Encoding': 'gzip, deflate, br, zstd', 'Accept': '*/*', 'Connection': 'keep-alive', 'Content-Length': '5254', 'Authorization': 'Basic dXNlcjpsb2NhbC0yNWIwMmYyNWUzNGUzOTlkYmI1OWJjNjFlZWVmY2RkZTYzNDRhOGI2'}
2024-08-08 17:14:03,535 ERROR   wandb-upload_0:289215 [internal_api.py:upload_file():2765] upload_file response body: b'<?xml version="1.0" encoding="UTF-8"?>\n<Error><Code>SlowDown</Code><Message>Resource requested is unreadable, please reduce your request rate</Message><Key>mobius/huggingface/csoaz0cf/wandb-metadata.json</Key><BucketName>local-files</BucketName><Resource>/local-files/mobius/huggingface/csoaz0cf/wandb-metadata.json</Resource><Region>wandb-local</Region><RequestId>17E9B5FFFC9D09F9</RequestId><HostId>18bf63b7-01d2-4a3f-8eda-6b508ac9c4f3</HostId></Error>'
2024-08-08 17:14:03,535 INFO    wandb-upload_0:289215 [retry.py:__call__():172] Retry attempt failed:
Traceback (most recent call last):
  File "/home/rwkv/miniconda3/lib/python3.10/site-packages/wandb/sdk/internal/internal_api.py", line 2759, in upload_file
    response.raise_for_status()
  File "/home/rwkv/miniconda3/lib/python3.10/site-packages/requests/models.py", line 1021, in raise_for_status
    raise HTTPError(http_error_msg, response=self)
requests.exceptions.HTTPError: 503 Server Error: Service Unavailable for url: http://dian.sea-group.org:9098/local-files/mobius/huggingface/csoaz0cf/wandb-metadata.json?X-Amz-Algorithm=AWS4-HMAC-SHA256&X-Amz-Credential=FS%2BimP8205gHBuibMeAr0A%3D%3D%2F20240808%2Fwandb-local%2Fs3%2Faws4_request&X-Amz-Date=20240808T091402Z&X-Amz-Expires=86400&X-Amz-SignedHeaders=host&X-User=mobius&X-Amz-Signature=d0b1ab7d1f2b492a80272064d017ced7b6a5cf80cd7d69ec68fb72acf92985c1

During handling of the above exception, another exception occurred:

Traceback (most recent call last):
  File "/home/rwkv/miniconda3/lib/python3.10/site-packages/wandb/sdk/lib/retry.py", line 131, in __call__
    result = self._call_fn(*args, **kwargs)
  File "/home/rwkv/miniconda3/lib/python3.10/site-packages/wandb/sdk/internal/internal_api.py", line 2785, in upload_file
    raise _e.with_traceback(sys.exc_info()[2])
  File "/home/rwkv/miniconda3/lib/python3.10/site-packages/wandb/sdk/internal/internal_api.py", line 2759, in upload_file
    response.raise_for_status()
  File "/home/rwkv/miniconda3/lib/python3.10/site-packages/requests/models.py", line 1021, in raise_for_status
    raise HTTPError(http_error_msg, response=self)
wandb.sdk.lib.retry.TransientError: None
2024-08-08 17:14:03,642 ERROR   wandb-upload_1:289215 [internal_api.py:upload_file():2761] upload_file exception http://dian.sea-group.org:9098/local-files/mobius/huggingface/csoaz0cf/code/llama/gmm.py?X-Amz-Algorithm=AWS4-HMAC-SHA256&X-Amz-Credential=FS%2BimP8205gHBuibMeAr0A%3D%3D%2F20240808%2Fwandb-local%2Fs3%2Faws4_request&X-Amz-Date=20240808T091402Z&X-Amz-Expires=86400&X-Amz-SignedHeaders=host&X-User=mobius&X-Amz-Signature=69ea93a2310c17287c999db71cb7632f340a2af6313012cd0a84bb4b7e0570b9: 503 Server Error: Service Unavailable for url: http://dian.sea-group.org:9098/local-files/mobius/huggingface/csoaz0cf/code/llama/gmm.py?X-Amz-Algorithm=AWS4-HMAC-SHA256&X-Amz-Credential=FS%2BimP8205gHBuibMeAr0A%3D%3D%2F20240808%2Fwandb-local%2Fs3%2Faws4_request&X-Amz-Date=20240808T091402Z&X-Amz-Expires=86400&X-Amz-SignedHeaders=host&X-User=mobius&X-Amz-Signature=69ea93a2310c17287c999db71cb7632f340a2af6313012cd0a84bb4b7e0570b9
2024-08-08 17:14:03,642 ERROR   wandb-upload_1:289215 [internal_api.py:upload_file():2763] upload_file request headers: {'User-Agent': 'python-requests/2.31.0', 'Accept-Encoding': 'gzip, deflate, br, zstd', 'Accept': '*/*', 'Connection': 'keep-alive', 'Content-Length': '14190', 'Authorization': 'Basic dXNlcjpsb2NhbC0yNWIwMmYyNWUzNGUzOTlkYmI1OWJjNjFlZWVmY2RkZTYzNDRhOGI2'}
2024-08-08 17:14:03,642 ERROR   wandb-upload_1:289215 [internal_api.py:upload_file():2765] upload_file response body: b'<?xml version="1.0" encoding="UTF-8"?>\n<Error><Code>SlowDown</Code><Message>Resource requested is unreadable, please reduce your request rate</Message><Key>mobius/huggingface/csoaz0cf/code/llama/gmm.py</Key><BucketName>local-files</BucketName><Resource>/local-files/mobius/huggingface/csoaz0cf/code/llama/gmm.py</Resource><Region>wandb-local</Region><RequestId>17E9B600030C697D</RequestId><HostId>18bf63b7-01d2-4a3f-8eda-6b508ac9c4f3</HostId></Error>'
2024-08-08 17:14:04,158 ERROR   wandb-upload_2:289215 [internal_api.py:upload_file():2761] upload_file exception http://dian.sea-group.org:9098/local-files/mobius/huggingface/csoaz0cf/diff.patch?X-Amz-Algorithm=AWS4-HMAC-SHA256&X-Amz-Credential=FS%2BimP8205gHBuibMeAr0A%3D%3D%2F20240808%2Fwandb-local%2Fs3%2Faws4_request&X-Amz-Date=20240808T091402Z&X-Amz-Expires=86400&X-Amz-SignedHeaders=host&X-User=mobius&X-Amz-Signature=266a0b8529f891f47ed8778210152b9a06364d86406b03bdd4e4a82577ab5786: 503 Server Error: Service Unavailable for url: http://dian.sea-group.org:9098/local-files/mobius/huggingface/csoaz0cf/diff.patch?X-Amz-Algorithm=AWS4-HMAC-SHA256&X-Amz-Credential=FS%2BimP8205gHBuibMeAr0A%3D%3D%2F20240808%2Fwandb-local%2Fs3%2Faws4_request&X-Amz-Date=20240808T091402Z&X-Amz-Expires=86400&X-Amz-SignedHeaders=host&X-User=mobius&X-Amz-Signature=266a0b8529f891f47ed8778210152b9a06364d86406b03bdd4e4a82577ab5786
2024-08-08 17:14:04,158 ERROR   wandb-upload_2:289215 [internal_api.py:upload_file():2763] upload_file request headers: {'User-Agent': 'python-requests/2.31.0', 'Accept-Encoding': 'gzip, deflate, br, zstd', 'Accept': '*/*', 'Connection': 'keep-alive', 'Content-Length': '291738', 'Authorization': 'Basic dXNlcjpsb2NhbC0yNWIwMmYyNWUzNGUzOTlkYmI1OWJjNjFlZWVmY2RkZTYzNDRhOGI2'}
2024-08-08 17:14:04,158 ERROR   wandb-upload_2:289215 [internal_api.py:upload_file():2765] upload_file response body: b'<?xml version="1.0" encoding="UTF-8"?>\n<Error><Code>SlowDown</Code><Message>Resource requested is unreadable, please reduce your request rate</Message><Key>mobius/huggingface/csoaz0cf/diff.patch</Key><BucketName>local-files</BucketName><Resource>/local-files/mobius/huggingface/csoaz0cf/diff.patch</Resource><Region>wandb-local</Region><RequestId>17E9B60000139B99</RequestId><HostId>18bf63b7-01d2-4a3f-8eda-6b508ac9c4f3</HostId></Error>'
2024-08-08 17:14:04,381 INFO    SenderThread:289215 [sender.py:transition_state():617] send defer: 8
2024-08-08 17:14:04,382 DEBUG   SenderThread:289215 [sender.py:send_request():409] send_request: poll_exit
2024-08-08 17:14:04,382 DEBUG   HandlerThread:289215 [handler.py:handle_request():146] handle_request: defer
2024-08-08 17:14:04,382 INFO    HandlerThread:289215 [handler.py:handle_request_defer():172] handle defer: 8
2024-08-08 17:14:04,382 DEBUG   SenderThread:289215 [sender.py:send_request():409] send_request: defer
2024-08-08 17:14:04,382 INFO    SenderThread:289215 [sender.py:send_request_defer():613] handle sender defer: 8
2024-08-08 17:14:04,382 INFO    SenderThread:289215 [job_builder.py:build():298] Attempting to build job artifact
2024-08-08 17:14:04,383 INFO    SenderThread:289215 [job_builder.py:_get_source_type():428] is repo sourced job
2024-08-08 17:14:04,393 INFO    SenderThread:289215 [job_builder.py:build():404] adding wandb-job metadata file
2024-08-08 17:14:04,404 INFO    SenderThread:289215 [sender.py:transition_state():617] send defer: 9
2024-08-08 17:14:04,404 DEBUG   HandlerThread:289215 [handler.py:handle_request():146] handle_request: defer
2024-08-08 17:14:04,404 INFO    HandlerThread:289215 [handler.py:handle_request_defer():172] handle defer: 9
2024-08-08 17:14:04,404 DEBUG   SenderThread:289215 [sender.py:send():382] send: artifact
2024-08-08 17:14:05,043 ERROR   wandb-upload_3:289215 [internal_api.py:upload_file():2761] upload_file exception http://dian.sea-group.org:9098/local-files/wandb_artifacts/41/521/c2df8f0a6cb4e05226b857b6cdc53f4d?X-Amz-Algorithm=AWS4-HMAC-SHA256&X-Amz-Credential=FS%2BimP8205gHBuibMeAr0A%3D%3D%2F20240808%2Fwandb-local%2Fs3%2Faws4_request&X-Amz-Date=20240808T091404Z&X-Amz-Expires=86400&X-Amz-SignedHeaders=content-md5%3Bcontent-type%3Bhost%3Bx-amz-meta-md5&X-User=mobius&X-Amz-Signature=9824330498f6306e0287efff254654adafc7336e98acf08231a84e1ad82ece7f: 503 Server Error: Service Unavailable for url: http://dian.sea-group.org:9098/local-files/wandb_artifacts/41/521/c2df8f0a6cb4e05226b857b6cdc53f4d?X-Amz-Algorithm=AWS4-HMAC-SHA256&X-Amz-Credential=FS%2BimP8205gHBuibMeAr0A%3D%3D%2F20240808%2Fwandb-local%2Fs3%2Faws4_request&X-Amz-Date=20240808T091404Z&X-Amz-Expires=86400&X-Amz-SignedHeaders=content-md5%3Bcontent-type%3Bhost%3Bx-amz-meta-md5&X-User=mobius&X-Amz-Signature=9824330498f6306e0287efff254654adafc7336e98acf08231a84e1ad82ece7f
2024-08-08 17:14:05,043 ERROR   wandb-upload_3:289215 [internal_api.py:upload_file():2763] upload_file request headers: {'User-Agent': 'python-requests/2.31.0', 'Accept-Encoding': 'gzip, deflate, br, zstd', 'Accept': '*/*', 'Connection': 'keep-alive', 'x-amz-meta-md5': 'wt+PCmy04FImuFe2zcU/TQ==', 'Content-MD5': 'wt+PCmy04FImuFe2zcU/TQ==', 'Content-Type': 'text/plain; charset=utf-8', 'Content-Length': '5025', 'Authorization': 'Basic dXNlcjpsb2NhbC0yNWIwMmYyNWUzNGUzOTlkYmI1OWJjNjFlZWVmY2RkZTYzNDRhOGI2'}
2024-08-08 17:14:05,043 ERROR   wandb-upload_3:289215 [internal_api.py:upload_file():2765] upload_file response body: b'<?xml version="1.0" encoding="UTF-8"?>\n<Error><Code>SlowDown</Code><Message>Resource requested is unreadable, please reduce your request rate</Message><Key>wandb_artifacts/41/521/c2df8f0a6cb4e05226b857b6cdc53f4d</Key><BucketName>local-files</BucketName><Resource>/local-files/wandb_artifacts/41/521/c2df8f0a6cb4e05226b857b6cdc53f4d</Resource><Region>wandb-local</Region><RequestId>17E9B600566676CA</RequestId><HostId>18bf63b7-01d2-4a3f-8eda-6b508ac9c4f3</HostId></Error>'
2024-08-08 17:14:05,131 ERROR   wandb-upload_4:289215 [internal_api.py:upload_file():2761] upload_file exception http://dian.sea-group.org:9098/local-files/wandb_artifacts/41/521/99df597bfbd8f48d94032ad571ab30ec?X-Amz-Algorithm=AWS4-HMAC-SHA256&X-Amz-Credential=FS%2BimP8205gHBuibMeAr0A%3D%3D%2F20240808%2Fwandb-local%2Fs3%2Faws4_request&X-Amz-Date=20240808T091404Z&X-Amz-Expires=86400&X-Amz-SignedHeaders=content-md5%3Bcontent-type%3Bhost%3Bx-amz-meta-md5&X-User=mobius&X-Amz-Signature=1c57cf21afd9f97f67e48b3d492d537c8a6fdd25e8f1953cdbb8b4b7d2a8eb2a: 503 Server Error: Service Unavailable for url: http://dian.sea-group.org:9098/local-files/wandb_artifacts/41/521/99df597bfbd8f48d94032ad571ab30ec?X-Amz-Algorithm=AWS4-HMAC-SHA256&X-Amz-Credential=FS%2BimP8205gHBuibMeAr0A%3D%3D%2F20240808%2Fwandb-local%2Fs3%2Faws4_request&X-Amz-Date=20240808T091404Z&X-Amz-Expires=86400&X-Amz-SignedHeaders=content-md5%3Bcontent-type%3Bhost%3Bx-amz-meta-md5&X-User=mobius&X-Amz-Signature=1c57cf21afd9f97f67e48b3d492d537c8a6fdd25e8f1953cdbb8b4b7d2a8eb2a
2024-08-08 17:14:05,131 ERROR   wandb-upload_4:289215 [internal_api.py:upload_file():2763] upload_file request headers: {'User-Agent': 'python-requests/2.31.0', 'Accept-Encoding': 'gzip, deflate, br, zstd', 'Accept': '*/*', 'Connection': 'keep-alive', 'x-amz-meta-md5': 'md9Ze/vY9I2UAyrVcasw7A==', 'Content-MD5': 'md9Ze/vY9I2UAyrVcasw7A==', 'Content-Type': 'application/json', 'Content-Length': '25169', 'Authorization': 'Basic dXNlcjpsb2NhbC0yNWIwMmYyNWUzNGUzOTlkYmI1OWJjNjFlZWVmY2RkZTYzNDRhOGI2'}
2024-08-08 17:14:05,131 ERROR   wandb-upload_4:289215 [internal_api.py:upload_file():2765] upload_file response body: b'<?xml version="1.0" encoding="UTF-8"?>\n<Error><Code>SlowDown</Code><Message>Resource requested is unreadable, please reduce your request rate</Message><Key>wandb_artifacts/41/521/99df597bfbd8f48d94032ad571ab30ec</Key><BucketName>local-files</BucketName><Resource>/local-files/wandb_artifacts/41/521/99df597bfbd8f48d94032ad571ab30ec</Resource><Region>wandb-local</Region><RequestId>17E9B600564AAAC1</RequestId><HostId>18bf63b7-01d2-4a3f-8eda-6b508ac9c4f3</HostId></Error>'
2024-08-08 17:14:05,265 INFO    Thread-12 :289215 [dir_watcher.py:_on_file_modified():288] file/dir modified: /home/rwkv/JL/GMM/llama/wandb/run-20240808_171400-csoaz0cf/files/output.log
2024-08-08 17:14:05,886 ERROR   wandb-upload_0:289215 [internal_api.py:upload_file():2761] upload_file exception http://dian.sea-group.org:9098/local-files/mobius/huggingface/csoaz0cf/wandb-metadata.json?X-Amz-Algorithm=AWS4-HMAC-SHA256&X-Amz-Credential=FS%2BimP8205gHBuibMeAr0A%3D%3D%2F20240808%2Fwandb-local%2Fs3%2Faws4_request&X-Amz-Date=20240808T091402Z&X-Amz-Expires=86400&X-Amz-SignedHeaders=host&X-User=mobius&X-Amz-Signature=d0b1ab7d1f2b492a80272064d017ced7b6a5cf80cd7d69ec68fb72acf92985c1: 503 Server Error: Service Unavailable for url: http://dian.sea-group.org:9098/local-files/mobius/huggingface/csoaz0cf/wandb-metadata.json?X-Amz-Algorithm=AWS4-HMAC-SHA256&X-Amz-Credential=FS%2BimP8205gHBuibMeAr0A%3D%3D%2F20240808%2Fwandb-local%2Fs3%2Faws4_request&X-Amz-Date=20240808T091402Z&X-Amz-Expires=86400&X-Amz-SignedHeaders=host&X-User=mobius&X-Amz-Signature=d0b1ab7d1f2b492a80272064d017ced7b6a5cf80cd7d69ec68fb72acf92985c1
2024-08-08 17:14:05,886 ERROR   wandb-upload_0:289215 [internal_api.py:upload_file():2763] upload_file request headers: {'User-Agent': 'python-requests/2.31.0', 'Accept-Encoding': 'gzip, deflate, br, zstd', 'Accept': '*/*', 'Connection': 'keep-alive', 'Content-Length': '5254', 'Authorization': 'Basic dXNlcjpsb2NhbC0yNWIwMmYyNWUzNGUzOTlkYmI1OWJjNjFlZWVmY2RkZTYzNDRhOGI2'}
2024-08-08 17:14:05,886 ERROR   wandb-upload_0:289215 [internal_api.py:upload_file():2765] upload_file response body: b'<?xml version="1.0" encoding="UTF-8"?>\n<Error><Code>SlowDown</Code><Message>Resource requested is unreadable, please reduce your request rate</Message><Key>mobius/huggingface/csoaz0cf/wandb-metadata.json</Key><BucketName>local-files</BucketName><Resource>/local-files/mobius/huggingface/csoaz0cf/wandb-metadata.json</Resource><Region>wandb-local</Region><RequestId>17E9B600889D461C</RequestId><HostId>18bf63b7-01d2-4a3f-8eda-6b508ac9c4f3</HostId></Error>'
2024-08-08 17:14:05,907 ERROR   wandb-upload_1:289215 [internal_api.py:upload_file():2761] upload_file exception http://dian.sea-group.org:9098/local-files/mobius/huggingface/csoaz0cf/code/llama/gmm.py?X-Amz-Algorithm=AWS4-HMAC-SHA256&X-Amz-Credential=FS%2BimP8205gHBuibMeAr0A%3D%3D%2F20240808%2Fwandb-local%2Fs3%2Faws4_request&X-Amz-Date=20240808T091402Z&X-Amz-Expires=86400&X-Amz-SignedHeaders=host&X-User=mobius&X-Amz-Signature=69ea93a2310c17287c999db71cb7632f340a2af6313012cd0a84bb4b7e0570b9: 503 Server Error: Service Unavailable for url: http://dian.sea-group.org:9098/local-files/mobius/huggingface/csoaz0cf/code/llama/gmm.py?X-Amz-Algorithm=AWS4-HMAC-SHA256&X-Amz-Credential=FS%2BimP8205gHBuibMeAr0A%3D%3D%2F20240808%2Fwandb-local%2Fs3%2Faws4_request&X-Amz-Date=20240808T091402Z&X-Amz-Expires=86400&X-Amz-SignedHeaders=host&X-User=mobius&X-Amz-Signature=69ea93a2310c17287c999db71cb7632f340a2af6313012cd0a84bb4b7e0570b9
2024-08-08 17:14:05,907 ERROR   wandb-upload_1:289215 [internal_api.py:upload_file():2763] upload_file request headers: {'User-Agent': 'python-requests/2.31.0', 'Accept-Encoding': 'gzip, deflate, br, zstd', 'Accept': '*/*', 'Connection': 'keep-alive', 'Content-Length': '14190', 'Authorization': 'Basic dXNlcjpsb2NhbC0yNWIwMmYyNWUzNGUzOTlkYmI1OWJjNjFlZWVmY2RkZTYzNDRhOGI2'}
2024-08-08 17:14:05,907 ERROR   wandb-upload_1:289215 [internal_api.py:upload_file():2765] upload_file response body: b'<?xml version="1.0" encoding="UTF-8"?>\n<Error><Code>SlowDown</Code><Message>Resource requested is unreadable, please reduce your request rate</Message><Key>mobius/huggingface/csoaz0cf/code/llama/gmm.py</Key><BucketName>local-files</BucketName><Resource>/local-files/mobius/huggingface/csoaz0cf/code/llama/gmm.py</Resource><Region>wandb-local</Region><RequestId>17E9B6008A02D0C6</RequestId><HostId>18bf63b7-01d2-4a3f-8eda-6b508ac9c4f3</HostId></Error>'
2024-08-08 17:14:06,380 ERROR   wandb-upload_3:289215 [internal_api.py:upload_file():2761] upload_file exception http://dian.sea-group.org:9098/local-files/wandb_artifacts/41/521/c2df8f0a6cb4e05226b857b6cdc53f4d?X-Amz-Algorithm=AWS4-HMAC-SHA256&X-Amz-Credential=FS%2BimP8205gHBuibMeAr0A%3D%3D%2F20240808%2Fwandb-local%2Fs3%2Faws4_request&X-Amz-Date=20240808T091404Z&X-Amz-Expires=86400&X-Amz-SignedHeaders=content-md5%3Bcontent-type%3Bhost%3Bx-amz-meta-md5&X-User=mobius&X-Amz-Signature=9824330498f6306e0287efff254654adafc7336e98acf08231a84e1ad82ece7f: 503 Server Error: Service Unavailable for url: http://dian.sea-group.org:9098/local-files/wandb_artifacts/41/521/c2df8f0a6cb4e05226b857b6cdc53f4d?X-Amz-Algorithm=AWS4-HMAC-SHA256&X-Amz-Credential=FS%2BimP8205gHBuibMeAr0A%3D%3D%2F20240808%2Fwandb-local%2Fs3%2Faws4_request&X-Amz-Date=20240808T091404Z&X-Amz-Expires=86400&X-Amz-SignedHeaders=content-md5%3Bcontent-type%3Bhost%3Bx-amz-meta-md5&X-User=mobius&X-Amz-Signature=9824330498f6306e0287efff254654adafc7336e98acf08231a84e1ad82ece7f
2024-08-08 17:14:06,380 ERROR   wandb-upload_3:289215 [internal_api.py:upload_file():2763] upload_file request headers: {'User-Agent': 'python-requests/2.31.0', 'Accept-Encoding': 'gzip, deflate, br, zstd', 'Accept': '*/*', 'Connection': 'keep-alive', 'x-amz-meta-md5': 'wt+PCmy04FImuFe2zcU/TQ==', 'Content-MD5': 'wt+PCmy04FImuFe2zcU/TQ==', 'Content-Type': 'text/plain; charset=utf-8', 'Content-Length': '5025', 'Authorization': 'Basic dXNlcjpsb2NhbC0yNWIwMmYyNWUzNGUzOTlkYmI1OWJjNjFlZWVmY2RkZTYzNDRhOGI2'}
2024-08-08 17:14:06,380 ERROR   wandb-upload_3:289215 [internal_api.py:upload_file():2765] upload_file response body: b'<?xml version="1.0" encoding="UTF-8"?>\n<Error><Code>SlowDown</Code><Message>Resource requested is unreadable, please reduce your request rate</Message><Key>wandb_artifacts/41/521/c2df8f0a6cb4e05226b857b6cdc53f4d</Key><BucketName>local-files</BucketName><Resource>/local-files/wandb_artifacts/41/521/c2df8f0a6cb4e05226b857b6cdc53f4d</Resource><Region>wandb-local</Region><RequestId>17E9B600A05C82FE</RequestId><HostId>18bf63b7-01d2-4a3f-8eda-6b508ac9c4f3</HostId></Error>'
2024-08-08 17:14:06,380 INFO    wandb-upload_3:289215 [retry.py:__call__():172] Retry attempt failed:
Traceback (most recent call last):
  File "/home/rwkv/miniconda3/lib/python3.10/site-packages/wandb/sdk/internal/internal_api.py", line 2759, in upload_file
    response.raise_for_status()
  File "/home/rwkv/miniconda3/lib/python3.10/site-packages/requests/models.py", line 1021, in raise_for_status
    raise HTTPError(http_error_msg, response=self)
requests.exceptions.HTTPError: 503 Server Error: Service Unavailable for url: http://dian.sea-group.org:9098/local-files/wandb_artifacts/41/521/c2df8f0a6cb4e05226b857b6cdc53f4d?X-Amz-Algorithm=AWS4-HMAC-SHA256&X-Amz-Credential=FS%2BimP8205gHBuibMeAr0A%3D%3D%2F20240808%2Fwandb-local%2Fs3%2Faws4_request&X-Amz-Date=20240808T091404Z&X-Amz-Expires=86400&X-Amz-SignedHeaders=content-md5%3Bcontent-type%3Bhost%3Bx-amz-meta-md5&X-User=mobius&X-Amz-Signature=9824330498f6306e0287efff254654adafc7336e98acf08231a84e1ad82ece7f

During handling of the above exception, another exception occurred:

Traceback (most recent call last):
  File "/home/rwkv/miniconda3/lib/python3.10/site-packages/wandb/sdk/lib/retry.py", line 131, in __call__
    result = self._call_fn(*args, **kwargs)
  File "/home/rwkv/miniconda3/lib/python3.10/site-packages/wandb/sdk/internal/internal_api.py", line 2785, in upload_file
    raise _e.with_traceback(sys.exc_info()[2])
  File "/home/rwkv/miniconda3/lib/python3.10/site-packages/wandb/sdk/internal/internal_api.py", line 2759, in upload_file
    response.raise_for_status()
  File "/home/rwkv/miniconda3/lib/python3.10/site-packages/requests/models.py", line 1021, in raise_for_status
    raise HTTPError(http_error_msg, response=self)
wandb.sdk.lib.retry.TransientError: None
2024-08-08 17:14:06,598 ERROR   wandb-upload_2:289215 [internal_api.py:upload_file():2761] upload_file exception http://dian.sea-group.org:9098/local-files/mobius/huggingface/csoaz0cf/diff.patch?X-Amz-Algorithm=AWS4-HMAC-SHA256&X-Amz-Credential=FS%2BimP8205gHBuibMeAr0A%3D%3D%2F20240808%2Fwandb-local%2Fs3%2Faws4_request&X-Amz-Date=20240808T091402Z&X-Amz-Expires=86400&X-Amz-SignedHeaders=host&X-User=mobius&X-Amz-Signature=266a0b8529f891f47ed8778210152b9a06364d86406b03bdd4e4a82577ab5786: 503 Server Error: Service Unavailable for url: http://dian.sea-group.org:9098/local-files/mobius/huggingface/csoaz0cf/diff.patch?X-Amz-Algorithm=AWS4-HMAC-SHA256&X-Amz-Credential=FS%2BimP8205gHBuibMeAr0A%3D%3D%2F20240808%2Fwandb-local%2Fs3%2Faws4_request&X-Amz-Date=20240808T091402Z&X-Amz-Expires=86400&X-Amz-SignedHeaders=host&X-User=mobius&X-Amz-Signature=266a0b8529f891f47ed8778210152b9a06364d86406b03bdd4e4a82577ab5786
2024-08-08 17:14:06,598 ERROR   wandb-upload_2:289215 [internal_api.py:upload_file():2763] upload_file request headers: {'User-Agent': 'python-requests/2.31.0', 'Accept-Encoding': 'gzip, deflate, br, zstd', 'Accept': '*/*', 'Connection': 'keep-alive', 'Content-Length': '291738', 'Authorization': 'Basic dXNlcjpsb2NhbC0yNWIwMmYyNWUzNGUzOTlkYmI1OWJjNjFlZWVmY2RkZTYzNDRhOGI2'}
2024-08-08 17:14:06,598 ERROR   wandb-upload_2:289215 [internal_api.py:upload_file():2765] upload_file response body: b'<?xml version="1.0" encoding="UTF-8"?>\n<Error><Code>SlowDown</Code><Message>Resource requested is unreadable, please reduce your request rate</Message><Key>mobius/huggingface/csoaz0cf/diff.patch</Key><BucketName>local-files</BucketName><Resource>/local-files/mobius/huggingface/csoaz0cf/diff.patch</Resource><Region>wandb-local</Region><RequestId>17E9B600B1203E84</RequestId><HostId>18bf63b7-01d2-4a3f-8eda-6b508ac9c4f3</HostId></Error>'
2024-08-08 17:14:06,851 ERROR   wandb-upload_4:289215 [internal_api.py:upload_file():2761] upload_file exception http://dian.sea-group.org:9098/local-files/wandb_artifacts/41/521/99df597bfbd8f48d94032ad571ab30ec?X-Amz-Algorithm=AWS4-HMAC-SHA256&X-Amz-Credential=FS%2BimP8205gHBuibMeAr0A%3D%3D%2F20240808%2Fwandb-local%2Fs3%2Faws4_request&X-Amz-Date=20240808T091404Z&X-Amz-Expires=86400&X-Amz-SignedHeaders=content-md5%3Bcontent-type%3Bhost%3Bx-amz-meta-md5&X-User=mobius&X-Amz-Signature=1c57cf21afd9f97f67e48b3d492d537c8a6fdd25e8f1953cdbb8b4b7d2a8eb2a: 503 Server Error: Service Unavailable for url: http://dian.sea-group.org:9098/local-files/wandb_artifacts/41/521/99df597bfbd8f48d94032ad571ab30ec?X-Amz-Algorithm=AWS4-HMAC-SHA256&X-Amz-Credential=FS%2BimP8205gHBuibMeAr0A%3D%3D%2F20240808%2Fwandb-local%2Fs3%2Faws4_request&X-Amz-Date=20240808T091404Z&X-Amz-Expires=86400&X-Amz-SignedHeaders=content-md5%3Bcontent-type%3Bhost%3Bx-amz-meta-md5&X-User=mobius&X-Amz-Signature=1c57cf21afd9f97f67e48b3d492d537c8a6fdd25e8f1953cdbb8b4b7d2a8eb2a
2024-08-08 17:14:06,851 ERROR   wandb-upload_4:289215 [internal_api.py:upload_file():2763] upload_file request headers: {'User-Agent': 'python-requests/2.31.0', 'Accept-Encoding': 'gzip, deflate, br, zstd', 'Accept': '*/*', 'Connection': 'keep-alive', 'x-amz-meta-md5': 'md9Ze/vY9I2UAyrVcasw7A==', 'Content-MD5': 'md9Ze/vY9I2UAyrVcasw7A==', 'Content-Type': 'application/json', 'Content-Length': '25169', 'Authorization': 'Basic dXNlcjpsb2NhbC0yNWIwMmYyNWUzNGUzOTlkYmI1OWJjNjFlZWVmY2RkZTYzNDRhOGI2'}
2024-08-08 17:14:06,851 ERROR   wandb-upload_4:289215 [internal_api.py:upload_file():2765] upload_file response body: b'<?xml version="1.0" encoding="UTF-8"?>\n<Error><Code>SlowDown</Code><Message>Resource requested is unreadable, please reduce your request rate</Message><Key>wandb_artifacts/41/521/99df597bfbd8f48d94032ad571ab30ec</Key><BucketName>local-files</BucketName><Resource>/local-files/wandb_artifacts/41/521/99df597bfbd8f48d94032ad571ab30ec</Resource><Region>wandb-local</Region><RequestId>17E9B600A714B3EC</RequestId><HostId>18bf63b7-01d2-4a3f-8eda-6b508ac9c4f3</HostId></Error>'
2024-08-08 17:14:06,851 INFO    wandb-upload_4:289215 [retry.py:__call__():172] Retry attempt failed:
Traceback (most recent call last):
  File "/home/rwkv/miniconda3/lib/python3.10/site-packages/wandb/sdk/internal/internal_api.py", line 2759, in upload_file
    response.raise_for_status()
  File "/home/rwkv/miniconda3/lib/python3.10/site-packages/requests/models.py", line 1021, in raise_for_status
    raise HTTPError(http_error_msg, response=self)
requests.exceptions.HTTPError: 503 Server Error: Service Unavailable for url: http://dian.sea-group.org:9098/local-files/wandb_artifacts/41/521/99df597bfbd8f48d94032ad571ab30ec?X-Amz-Algorithm=AWS4-HMAC-SHA256&X-Amz-Credential=FS%2BimP8205gHBuibMeAr0A%3D%3D%2F20240808%2Fwandb-local%2Fs3%2Faws4_request&X-Amz-Date=20240808T091404Z&X-Amz-Expires=86400&X-Amz-SignedHeaders=content-md5%3Bcontent-type%3Bhost%3Bx-amz-meta-md5&X-User=mobius&X-Amz-Signature=1c57cf21afd9f97f67e48b3d492d537c8a6fdd25e8f1953cdbb8b4b7d2a8eb2a

During handling of the above exception, another exception occurred:

Traceback (most recent call last):
  File "/home/rwkv/miniconda3/lib/python3.10/site-packages/wandb/sdk/lib/retry.py", line 131, in __call__
    result = self._call_fn(*args, **kwargs)
  File "/home/rwkv/miniconda3/lib/python3.10/site-packages/wandb/sdk/internal/internal_api.py", line 2785, in upload_file
    raise _e.with_traceback(sys.exc_info()[2])
  File "/home/rwkv/miniconda3/lib/python3.10/site-packages/wandb/sdk/internal/internal_api.py", line 2759, in upload_file
    response.raise_for_status()
  File "/home/rwkv/miniconda3/lib/python3.10/site-packages/requests/models.py", line 1021, in raise_for_status
    raise HTTPError(http_error_msg, response=self)
wandb.sdk.lib.retry.TransientError: None
2024-08-08 17:14:08,365 DEBUG   HandlerThread:289215 [handler.py:handle_request():146] handle_request: keepalive
2024-08-08 17:14:08,779 ERROR   wandb-upload_3:289215 [internal_api.py:upload_file():2761] upload_file exception http://dian.sea-group.org:9098/local-files/wandb_artifacts/41/521/c2df8f0a6cb4e05226b857b6cdc53f4d?X-Amz-Algorithm=AWS4-HMAC-SHA256&X-Amz-Credential=FS%2BimP8205gHBuibMeAr0A%3D%3D%2F20240808%2Fwandb-local%2Fs3%2Faws4_request&X-Amz-Date=20240808T091404Z&X-Amz-Expires=86400&X-Amz-SignedHeaders=content-md5%3Bcontent-type%3Bhost%3Bx-amz-meta-md5&X-User=mobius&X-Amz-Signature=9824330498f6306e0287efff254654adafc7336e98acf08231a84e1ad82ece7f: 503 Server Error: Service Unavailable for url: http://dian.sea-group.org:9098/local-files/wandb_artifacts/41/521/c2df8f0a6cb4e05226b857b6cdc53f4d?X-Amz-Algorithm=AWS4-HMAC-SHA256&X-Amz-Credential=FS%2BimP8205gHBuibMeAr0A%3D%3D%2F20240808%2Fwandb-local%2Fs3%2Faws4_request&X-Amz-Date=20240808T091404Z&X-Amz-Expires=86400&X-Amz-SignedHeaders=content-md5%3Bcontent-type%3Bhost%3Bx-amz-meta-md5&X-User=mobius&X-Amz-Signature=9824330498f6306e0287efff254654adafc7336e98acf08231a84e1ad82ece7f
2024-08-08 17:14:08,779 ERROR   wandb-upload_3:289215 [internal_api.py:upload_file():2763] upload_file request headers: {'User-Agent': 'python-requests/2.31.0', 'Accept-Encoding': 'gzip, deflate, br, zstd', 'Accept': '*/*', 'Connection': 'keep-alive', 'x-amz-meta-md5': 'wt+PCmy04FImuFe2zcU/TQ==', 'Content-MD5': 'wt+PCmy04FImuFe2zcU/TQ==', 'Content-Type': 'text/plain; charset=utf-8', 'Content-Length': '5025', 'Authorization': 'Basic dXNlcjpsb2NhbC0yNWIwMmYyNWUzNGUzOTlkYmI1OWJjNjFlZWVmY2RkZTYzNDRhOGI2'}
2024-08-08 17:14:08,779 ERROR   wandb-upload_3:289215 [internal_api.py:upload_file():2765] upload_file response body: b'<?xml version="1.0" encoding="UTF-8"?>\n<Error><Code>SlowDown</Code><Message>Resource requested is unreadable, please reduce your request rate</Message><Key>wandb_artifacts/41/521/c2df8f0a6cb4e05226b857b6cdc53f4d</Key><BucketName>local-files</BucketName><Resource>/local-files/wandb_artifacts/41/521/c2df8f0a6cb4e05226b857b6cdc53f4d</Resource><Region>wandb-local</Region><RequestId>17E9B60134D682FE</RequestId><HostId>18bf63b7-01d2-4a3f-8eda-6b508ac9c4f3</HostId></Error>'
2024-08-08 17:14:09,270 ERROR   wandb-upload_4:289215 [internal_api.py:upload_file():2761] upload_file exception http://dian.sea-group.org:9098/local-files/wandb_artifacts/41/521/99df597bfbd8f48d94032ad571ab30ec?X-Amz-Algorithm=AWS4-HMAC-SHA256&X-Amz-Credential=FS%2BimP8205gHBuibMeAr0A%3D%3D%2F20240808%2Fwandb-local%2Fs3%2Faws4_request&X-Amz-Date=20240808T091404Z&X-Amz-Expires=86400&X-Amz-SignedHeaders=content-md5%3Bcontent-type%3Bhost%3Bx-amz-meta-md5&X-User=mobius&X-Amz-Signature=1c57cf21afd9f97f67e48b3d492d537c8a6fdd25e8f1953cdbb8b4b7d2a8eb2a: 503 Server Error: Service Unavailable for url: http://dian.sea-group.org:9098/local-files/wandb_artifacts/41/521/99df597bfbd8f48d94032ad571ab30ec?X-Amz-Algorithm=AWS4-HMAC-SHA256&X-Amz-Credential=FS%2BimP8205gHBuibMeAr0A%3D%3D%2F20240808%2Fwandb-local%2Fs3%2Faws4_request&X-Amz-Date=20240808T091404Z&X-Amz-Expires=86400&X-Amz-SignedHeaders=content-md5%3Bcontent-type%3Bhost%3Bx-amz-meta-md5&X-User=mobius&X-Amz-Signature=1c57cf21afd9f97f67e48b3d492d537c8a6fdd25e8f1953cdbb8b4b7d2a8eb2a
2024-08-08 17:14:09,270 ERROR   wandb-upload_4:289215 [internal_api.py:upload_file():2763] upload_file request headers: {'User-Agent': 'python-requests/2.31.0', 'Accept-Encoding': 'gzip, deflate, br, zstd', 'Accept': '*/*', 'Connection': 'keep-alive', 'x-amz-meta-md5': 'md9Ze/vY9I2UAyrVcasw7A==', 'Content-MD5': 'md9Ze/vY9I2UAyrVcasw7A==', 'Content-Type': 'application/json', 'Content-Length': '25169', 'Authorization': 'Basic dXNlcjpsb2NhbC0yNWIwMmYyNWUzNGUzOTlkYmI1OWJjNjFlZWVmY2RkZTYzNDRhOGI2'}
2024-08-08 17:14:09,270 ERROR   wandb-upload_4:289215 [internal_api.py:upload_file():2765] upload_file response body: b'<?xml version="1.0" encoding="UTF-8"?>\n<Error><Code>SlowDown</Code><Message>Resource requested is unreadable, please reduce your request rate</Message><Key>wandb_artifacts/41/521/99df597bfbd8f48d94032ad571ab30ec</Key><BucketName>local-files</BucketName><Resource>/local-files/wandb_artifacts/41/521/99df597bfbd8f48d94032ad571ab30ec</Resource><Region>wandb-local</Region><RequestId>17E9B601507AA57C</RequestId><HostId>18bf63b7-01d2-4a3f-8eda-6b508ac9c4f3</HostId></Error>'
2024-08-08 17:14:10,384 ERROR   wandb-upload_1:289215 [internal_api.py:upload_file():2761] upload_file exception http://dian.sea-group.org:9098/local-files/mobius/huggingface/csoaz0cf/code/llama/gmm.py?X-Amz-Algorithm=AWS4-HMAC-SHA256&X-Amz-Credential=FS%2BimP8205gHBuibMeAr0A%3D%3D%2F20240808%2Fwandb-local%2Fs3%2Faws4_request&X-Amz-Date=20240808T091402Z&X-Amz-Expires=86400&X-Amz-SignedHeaders=host&X-User=mobius&X-Amz-Signature=69ea93a2310c17287c999db71cb7632f340a2af6313012cd0a84bb4b7e0570b9: 503 Server Error: Service Unavailable for url: http://dian.sea-group.org:9098/local-files/mobius/huggingface/csoaz0cf/code/llama/gmm.py?X-Amz-Algorithm=AWS4-HMAC-SHA256&X-Amz-Credential=FS%2BimP8205gHBuibMeAr0A%3D%3D%2F20240808%2Fwandb-local%2Fs3%2Faws4_request&X-Amz-Date=20240808T091402Z&X-Amz-Expires=86400&X-Amz-SignedHeaders=host&X-User=mobius&X-Amz-Signature=69ea93a2310c17287c999db71cb7632f340a2af6313012cd0a84bb4b7e0570b9
2024-08-08 17:14:10,384 ERROR   wandb-upload_1:289215 [internal_api.py:upload_file():2763] upload_file request headers: {'User-Agent': 'python-requests/2.31.0', 'Accept-Encoding': 'gzip, deflate, br, zstd', 'Accept': '*/*', 'Connection': 'keep-alive', 'Content-Length': '14190', 'Authorization': 'Basic dXNlcjpsb2NhbC0yNWIwMmYyNWUzNGUzOTlkYmI1OWJjNjFlZWVmY2RkZTYzNDRhOGI2'}
2024-08-08 17:14:10,384 ERROR   wandb-upload_1:289215 [internal_api.py:upload_file():2765] upload_file response body: b'<?xml version="1.0" encoding="UTF-8"?>\n<Error><Code>SlowDown</Code><Message>Resource requested is unreadable, please reduce your request rate</Message><Key>mobius/huggingface/csoaz0cf/code/llama/gmm.py</Key><BucketName>local-files</BucketName><Resource>/local-files/mobius/huggingface/csoaz0cf/code/llama/gmm.py</Resource><Region>wandb-local</Region><RequestId>17E9B60194BFABF6</RequestId><HostId>18bf63b7-01d2-4a3f-8eda-6b508ac9c4f3</HostId></Error>'
2024-08-08 17:14:10,670 ERROR   wandb-upload_0:289215 [internal_api.py:upload_file():2761] upload_file exception http://dian.sea-group.org:9098/local-files/mobius/huggingface/csoaz0cf/wandb-metadata.json?X-Amz-Algorithm=AWS4-HMAC-SHA256&X-Amz-Credential=FS%2BimP8205gHBuibMeAr0A%3D%3D%2F20240808%2Fwandb-local%2Fs3%2Faws4_request&X-Amz-Date=20240808T091402Z&X-Amz-Expires=86400&X-Amz-SignedHeaders=host&X-User=mobius&X-Amz-Signature=d0b1ab7d1f2b492a80272064d017ced7b6a5cf80cd7d69ec68fb72acf92985c1: 503 Server Error: Service Unavailable for url: http://dian.sea-group.org:9098/local-files/mobius/huggingface/csoaz0cf/wandb-metadata.json?X-Amz-Algorithm=AWS4-HMAC-SHA256&X-Amz-Credential=FS%2BimP8205gHBuibMeAr0A%3D%3D%2F20240808%2Fwandb-local%2Fs3%2Faws4_request&X-Amz-Date=20240808T091402Z&X-Amz-Expires=86400&X-Amz-SignedHeaders=host&X-User=mobius&X-Amz-Signature=d0b1ab7d1f2b492a80272064d017ced7b6a5cf80cd7d69ec68fb72acf92985c1
2024-08-08 17:14:10,670 ERROR   wandb-upload_0:289215 [internal_api.py:upload_file():2763] upload_file request headers: {'User-Agent': 'python-requests/2.31.0', 'Accept-Encoding': 'gzip, deflate, br, zstd', 'Accept': '*/*', 'Connection': 'keep-alive', 'Content-Length': '5254', 'Authorization': 'Basic dXNlcjpsb2NhbC0yNWIwMmYyNWUzNGUzOTlkYmI1OWJjNjFlZWVmY2RkZTYzNDRhOGI2'}
2024-08-08 17:14:10,670 ERROR   wandb-upload_0:289215 [internal_api.py:upload_file():2765] upload_file response body: b'<?xml version="1.0" encoding="UTF-8"?>\n<Error><Code>SlowDown</Code><Message>Resource requested is unreadable, please reduce your request rate</Message><Key>mobius/huggingface/csoaz0cf/wandb-metadata.json</Key><BucketName>local-files</BucketName><Resource>/local-files/mobius/huggingface/csoaz0cf/wandb-metadata.json</Resource><Region>wandb-local</Region><RequestId>17E9B601A5DB3613</RequestId><HostId>18bf63b7-01d2-4a3f-8eda-6b508ac9c4f3</HostId></Error>'
2024-08-08 17:14:11,296 ERROR   wandb-upload_2:289215 [internal_api.py:upload_file():2761] upload_file exception http://dian.sea-group.org:9098/local-files/mobius/huggingface/csoaz0cf/diff.patch?X-Amz-Algorithm=AWS4-HMAC-SHA256&X-Amz-Credential=FS%2BimP8205gHBuibMeAr0A%3D%3D%2F20240808%2Fwandb-local%2Fs3%2Faws4_request&X-Amz-Date=20240808T091402Z&X-Amz-Expires=86400&X-Amz-SignedHeaders=host&X-User=mobius&X-Amz-Signature=266a0b8529f891f47ed8778210152b9a06364d86406b03bdd4e4a82577ab5786: 503 Server Error: Service Unavailable for url: http://dian.sea-group.org:9098/local-files/mobius/huggingface/csoaz0cf/diff.patch?X-Amz-Algorithm=AWS4-HMAC-SHA256&X-Amz-Credential=FS%2BimP8205gHBuibMeAr0A%3D%3D%2F20240808%2Fwandb-local%2Fs3%2Faws4_request&X-Amz-Date=20240808T091402Z&X-Amz-Expires=86400&X-Amz-SignedHeaders=host&X-User=mobius&X-Amz-Signature=266a0b8529f891f47ed8778210152b9a06364d86406b03bdd4e4a82577ab5786
2024-08-08 17:14:11,297 ERROR   wandb-upload_2:289215 [internal_api.py:upload_file():2763] upload_file request headers: {'User-Agent': 'python-requests/2.31.0', 'Accept-Encoding': 'gzip, deflate, br, zstd', 'Accept': '*/*', 'Connection': 'keep-alive', 'Content-Length': '291738', 'Authorization': 'Basic dXNlcjpsb2NhbC0yNWIwMmYyNWUzNGUzOTlkYmI1OWJjNjFlZWVmY2RkZTYzNDRhOGI2'}
2024-08-08 17:14:11,297 ERROR   wandb-upload_2:289215 [internal_api.py:upload_file():2765] upload_file response body: b'<?xml version="1.0" encoding="UTF-8"?>\n<Error><Code>SlowDown</Code><Message>Resource requested is unreadable, please reduce your request rate</Message><Key>mobius/huggingface/csoaz0cf/diff.patch</Key><BucketName>local-files</BucketName><Resource>/local-files/mobius/huggingface/csoaz0cf/diff.patch</Resource><Region>wandb-local</Region><RequestId>17E9B601C99698FA</RequestId><HostId>18bf63b7-01d2-4a3f-8eda-6b508ac9c4f3</HostId></Error>'
2024-08-08 17:14:13,053 ERROR   wandb-upload_3:289215 [internal_api.py:upload_file():2761] upload_file exception http://dian.sea-group.org:9098/local-files/wandb_artifacts/41/521/c2df8f0a6cb4e05226b857b6cdc53f4d?X-Amz-Algorithm=AWS4-HMAC-SHA256&X-Amz-Credential=FS%2BimP8205gHBuibMeAr0A%3D%3D%2F20240808%2Fwandb-local%2Fs3%2Faws4_request&X-Amz-Date=20240808T091404Z&X-Amz-Expires=86400&X-Amz-SignedHeaders=content-md5%3Bcontent-type%3Bhost%3Bx-amz-meta-md5&X-User=mobius&X-Amz-Signature=9824330498f6306e0287efff254654adafc7336e98acf08231a84e1ad82ece7f: 503 Server Error: Service Unavailable for url: http://dian.sea-group.org:9098/local-files/wandb_artifacts/41/521/c2df8f0a6cb4e05226b857b6cdc53f4d?X-Amz-Algorithm=AWS4-HMAC-SHA256&X-Amz-Credential=FS%2BimP8205gHBuibMeAr0A%3D%3D%2F20240808%2Fwandb-local%2Fs3%2Faws4_request&X-Amz-Date=20240808T091404Z&X-Amz-Expires=86400&X-Amz-SignedHeaders=content-md5%3Bcontent-type%3Bhost%3Bx-amz-meta-md5&X-User=mobius&X-Amz-Signature=9824330498f6306e0287efff254654adafc7336e98acf08231a84e1ad82ece7f
2024-08-08 17:14:13,053 ERROR   wandb-upload_3:289215 [internal_api.py:upload_file():2763] upload_file request headers: {'User-Agent': 'python-requests/2.31.0', 'Accept-Encoding': 'gzip, deflate, br, zstd', 'Accept': '*/*', 'Connection': 'keep-alive', 'x-amz-meta-md5': 'wt+PCmy04FImuFe2zcU/TQ==', 'Content-MD5': 'wt+PCmy04FImuFe2zcU/TQ==', 'Content-Type': 'text/plain; charset=utf-8', 'Content-Length': '5025', 'Authorization': 'Basic dXNlcjpsb2NhbC0yNWIwMmYyNWUzNGUzOTlkYmI1OWJjNjFlZWVmY2RkZTYzNDRhOGI2'}
2024-08-08 17:14:13,053 ERROR   wandb-upload_3:289215 [internal_api.py:upload_file():2765] upload_file response body: b'<?xml version="1.0" encoding="UTF-8"?>\n<Error><Code>SlowDown</Code><Message>Resource requested is unreadable, please reduce your request rate</Message><Key>wandb_artifacts/41/521/c2df8f0a6cb4e05226b857b6cdc53f4d</Key><BucketName>local-files</BucketName><Resource>/local-files/wandb_artifacts/41/521/c2df8f0a6cb4e05226b857b6cdc53f4d</Resource><Region>wandb-local</Region><RequestId>17E9B60233945EEA</RequestId><HostId>18bf63b7-01d2-4a3f-8eda-6b508ac9c4f3</HostId></Error>'
2024-08-08 17:14:13,367 DEBUG   HandlerThread:289215 [handler.py:handle_request():146] handle_request: keepalive
2024-08-08 17:14:13,428 ERROR   wandb-upload_4:289215 [internal_api.py:upload_file():2761] upload_file exception http://dian.sea-group.org:9098/local-files/wandb_artifacts/41/521/99df597bfbd8f48d94032ad571ab30ec?X-Amz-Algorithm=AWS4-HMAC-SHA256&X-Amz-Credential=FS%2BimP8205gHBuibMeAr0A%3D%3D%2F20240808%2Fwandb-local%2Fs3%2Faws4_request&X-Amz-Date=20240808T091404Z&X-Amz-Expires=86400&X-Amz-SignedHeaders=content-md5%3Bcontent-type%3Bhost%3Bx-amz-meta-md5&X-User=mobius&X-Amz-Signature=1c57cf21afd9f97f67e48b3d492d537c8a6fdd25e8f1953cdbb8b4b7d2a8eb2a: 503 Server Error: Service Unavailable for url: http://dian.sea-group.org:9098/local-files/wandb_artifacts/41/521/99df597bfbd8f48d94032ad571ab30ec?X-Amz-Algorithm=AWS4-HMAC-SHA256&X-Amz-Credential=FS%2BimP8205gHBuibMeAr0A%3D%3D%2F20240808%2Fwandb-local%2Fs3%2Faws4_request&X-Amz-Date=20240808T091404Z&X-Amz-Expires=86400&X-Amz-SignedHeaders=content-md5%3Bcontent-type%3Bhost%3Bx-amz-meta-md5&X-User=mobius&X-Amz-Signature=1c57cf21afd9f97f67e48b3d492d537c8a6fdd25e8f1953cdbb8b4b7d2a8eb2a
2024-08-08 17:14:13,428 ERROR   wandb-upload_4:289215 [internal_api.py:upload_file():2763] upload_file request headers: {'User-Agent': 'python-requests/2.31.0', 'Accept-Encoding': 'gzip, deflate, br, zstd', 'Accept': '*/*', 'Connection': 'keep-alive', 'x-amz-meta-md5': 'md9Ze/vY9I2UAyrVcasw7A==', 'Content-MD5': 'md9Ze/vY9I2UAyrVcasw7A==', 'Content-Type': 'application/json', 'Content-Length': '25169', 'Authorization': 'Basic dXNlcjpsb2NhbC0yNWIwMmYyNWUzNGUzOTlkYmI1OWJjNjFlZWVmY2RkZTYzNDRhOGI2'}
2024-08-08 17:14:13,428 ERROR   wandb-upload_4:289215 [internal_api.py:upload_file():2765] upload_file response body: b'<?xml version="1.0" encoding="UTF-8"?>\n<Error><Code>SlowDown</Code><Message>Resource requested is unreadable, please reduce your request rate</Message><Key>wandb_artifacts/41/521/99df597bfbd8f48d94032ad571ab30ec</Key><BucketName>local-files</BucketName><Resource>/local-files/wandb_artifacts/41/521/99df597bfbd8f48d94032ad571ab30ec</Resource><Region>wandb-local</Region><RequestId>17E9B602486F878F</RequestId><HostId>18bf63b7-01d2-4a3f-8eda-6b508ac9c4f3</HostId></Error>'
2024-08-08 17:14:18,369 DEBUG   HandlerThread:289215 [handler.py:handle_request():146] handle_request: keepalive
2024-08-08 17:14:18,819 ERROR   wandb-upload_1:289215 [internal_api.py:upload_file():2761] upload_file exception http://dian.sea-group.org:9098/local-files/mobius/huggingface/csoaz0cf/code/llama/gmm.py?X-Amz-Algorithm=AWS4-HMAC-SHA256&X-Amz-Credential=FS%2BimP8205gHBuibMeAr0A%3D%3D%2F20240808%2Fwandb-local%2Fs3%2Faws4_request&X-Amz-Date=20240808T091402Z&X-Amz-Expires=86400&X-Amz-SignedHeaders=host&X-User=mobius&X-Amz-Signature=69ea93a2310c17287c999db71cb7632f340a2af6313012cd0a84bb4b7e0570b9: 503 Server Error: Service Unavailable for url: http://dian.sea-group.org:9098/local-files/mobius/huggingface/csoaz0cf/code/llama/gmm.py?X-Amz-Algorithm=AWS4-HMAC-SHA256&X-Amz-Credential=FS%2BimP8205gHBuibMeAr0A%3D%3D%2F20240808%2Fwandb-local%2Fs3%2Faws4_request&X-Amz-Date=20240808T091402Z&X-Amz-Expires=86400&X-Amz-SignedHeaders=host&X-User=mobius&X-Amz-Signature=69ea93a2310c17287c999db71cb7632f340a2af6313012cd0a84bb4b7e0570b9
2024-08-08 17:14:18,819 ERROR   wandb-upload_1:289215 [internal_api.py:upload_file():2763] upload_file request headers: {'User-Agent': 'python-requests/2.31.0', 'Accept-Encoding': 'gzip, deflate, br, zstd', 'Accept': '*/*', 'Connection': 'keep-alive', 'Content-Length': '14190', 'Authorization': 'Basic dXNlcjpsb2NhbC0yNWIwMmYyNWUzNGUzOTlkYmI1OWJjNjFlZWVmY2RkZTYzNDRhOGI2'}
2024-08-08 17:14:18,819 ERROR   wandb-upload_1:289215 [internal_api.py:upload_file():2765] upload_file response body: b'<?xml version="1.0" encoding="UTF-8"?>\n<Error><Code>SlowDown</Code><Message>Resource requested is unreadable, please reduce your request rate</Message><Key>mobius/huggingface/csoaz0cf/code/llama/gmm.py</Key><BucketName>local-files</BucketName><Resource>/local-files/mobius/huggingface/csoaz0cf/code/llama/gmm.py</Resource><Region>wandb-local</Region><RequestId>17E9B6038B88C283</RequestId><HostId>18bf63b7-01d2-4a3f-8eda-6b508ac9c4f3</HostId></Error>'
2024-08-08 17:14:19,898 ERROR   wandb-upload_0:289215 [internal_api.py:upload_file():2761] upload_file exception http://dian.sea-group.org:9098/local-files/mobius/huggingface/csoaz0cf/wandb-metadata.json?X-Amz-Algorithm=AWS4-HMAC-SHA256&X-Amz-Credential=FS%2BimP8205gHBuibMeAr0A%3D%3D%2F20240808%2Fwandb-local%2Fs3%2Faws4_request&X-Amz-Date=20240808T091402Z&X-Amz-Expires=86400&X-Amz-SignedHeaders=host&X-User=mobius&X-Amz-Signature=d0b1ab7d1f2b492a80272064d017ced7b6a5cf80cd7d69ec68fb72acf92985c1: 503 Server Error: Service Unavailable for url: http://dian.sea-group.org:9098/local-files/mobius/huggingface/csoaz0cf/wandb-metadata.json?X-Amz-Algorithm=AWS4-HMAC-SHA256&X-Amz-Credential=FS%2BimP8205gHBuibMeAr0A%3D%3D%2F20240808%2Fwandb-local%2Fs3%2Faws4_request&X-Amz-Date=20240808T091402Z&X-Amz-Expires=86400&X-Amz-SignedHeaders=host&X-User=mobius&X-Amz-Signature=d0b1ab7d1f2b492a80272064d017ced7b6a5cf80cd7d69ec68fb72acf92985c1
2024-08-08 17:14:19,898 ERROR   wandb-upload_0:289215 [internal_api.py:upload_file():2763] upload_file request headers: {'User-Agent': 'python-requests/2.31.0', 'Accept-Encoding': 'gzip, deflate, br, zstd', 'Accept': '*/*', 'Connection': 'keep-alive', 'Content-Length': '5254', 'Authorization': 'Basic dXNlcjpsb2NhbC0yNWIwMmYyNWUzNGUzOTlkYmI1OWJjNjFlZWVmY2RkZTYzNDRhOGI2'}
2024-08-08 17:14:19,898 ERROR   wandb-upload_0:289215 [internal_api.py:upload_file():2765] upload_file response body: b'<?xml version="1.0" encoding="UTF-8"?>\n<Error><Code>SlowDown</Code><Message>Resource requested is unreadable, please reduce your request rate</Message><Key>mobius/huggingface/csoaz0cf/wandb-metadata.json</Key><BucketName>local-files</BucketName><Resource>/local-files/mobius/huggingface/csoaz0cf/wandb-metadata.json</Resource><Region>wandb-local</Region><RequestId>17E9B603CBDE631E</RequestId><HostId>18bf63b7-01d2-4a3f-8eda-6b508ac9c4f3</HostId></Error>'
2024-08-08 17:14:20,858 ERROR   wandb-upload_2:289215 [internal_api.py:upload_file():2761] upload_file exception http://dian.sea-group.org:9098/local-files/mobius/huggingface/csoaz0cf/diff.patch?X-Amz-Algorithm=AWS4-HMAC-SHA256&X-Amz-Credential=FS%2BimP8205gHBuibMeAr0A%3D%3D%2F20240808%2Fwandb-local%2Fs3%2Faws4_request&X-Amz-Date=20240808T091402Z&X-Amz-Expires=86400&X-Amz-SignedHeaders=host&X-User=mobius&X-Amz-Signature=266a0b8529f891f47ed8778210152b9a06364d86406b03bdd4e4a82577ab5786: 503 Server Error: Service Unavailable for url: http://dian.sea-group.org:9098/local-files/mobius/huggingface/csoaz0cf/diff.patch?X-Amz-Algorithm=AWS4-HMAC-SHA256&X-Amz-Credential=FS%2BimP8205gHBuibMeAr0A%3D%3D%2F20240808%2Fwandb-local%2Fs3%2Faws4_request&X-Amz-Date=20240808T091402Z&X-Amz-Expires=86400&X-Amz-SignedHeaders=host&X-User=mobius&X-Amz-Signature=266a0b8529f891f47ed8778210152b9a06364d86406b03bdd4e4a82577ab5786
2024-08-08 17:14:20,858 ERROR   wandb-upload_2:289215 [internal_api.py:upload_file():2763] upload_file request headers: {'User-Agent': 'python-requests/2.31.0', 'Accept-Encoding': 'gzip, deflate, br, zstd', 'Accept': '*/*', 'Connection': 'keep-alive', 'Content-Length': '291738', 'Authorization': 'Basic dXNlcjpsb2NhbC0yNWIwMmYyNWUzNGUzOTlkYmI1OWJjNjFlZWVmY2RkZTYzNDRhOGI2'}
2024-08-08 17:14:20,858 ERROR   wandb-upload_2:289215 [internal_api.py:upload_file():2765] upload_file response body: b'<?xml version="1.0" encoding="UTF-8"?>\n<Error><Code>SlowDown</Code><Message>Resource requested is unreadable, please reduce your request rate</Message><Key>mobius/huggingface/csoaz0cf/diff.patch</Key><BucketName>local-files</BucketName><Resource>/local-files/mobius/huggingface/csoaz0cf/diff.patch</Resource><Region>wandb-local</Region><RequestId>17E9B60403982F52</RequestId><HostId>18bf63b7-01d2-4a3f-8eda-6b508ac9c4f3</HostId></Error>'
2024-08-08 17:14:22,372 ERROR   wandb-upload_3:289215 [internal_api.py:upload_file():2761] upload_file exception http://dian.sea-group.org:9098/local-files/wandb_artifacts/41/521/c2df8f0a6cb4e05226b857b6cdc53f4d?X-Amz-Algorithm=AWS4-HMAC-SHA256&X-Amz-Credential=FS%2BimP8205gHBuibMeAr0A%3D%3D%2F20240808%2Fwandb-local%2Fs3%2Faws4_request&X-Amz-Date=20240808T091404Z&X-Amz-Expires=86400&X-Amz-SignedHeaders=content-md5%3Bcontent-type%3Bhost%3Bx-amz-meta-md5&X-User=mobius&X-Amz-Signature=9824330498f6306e0287efff254654adafc7336e98acf08231a84e1ad82ece7f: 503 Server Error: Service Unavailable for url: http://dian.sea-group.org:9098/local-files/wandb_artifacts/41/521/c2df8f0a6cb4e05226b857b6cdc53f4d?X-Amz-Algorithm=AWS4-HMAC-SHA256&X-Amz-Credential=FS%2BimP8205gHBuibMeAr0A%3D%3D%2F20240808%2Fwandb-local%2Fs3%2Faws4_request&X-Amz-Date=20240808T091404Z&X-Amz-Expires=86400&X-Amz-SignedHeaders=content-md5%3Bcontent-type%3Bhost%3Bx-amz-meta-md5&X-User=mobius&X-Amz-Signature=9824330498f6306e0287efff254654adafc7336e98acf08231a84e1ad82ece7f
2024-08-08 17:14:22,372 ERROR   wandb-upload_3:289215 [internal_api.py:upload_file():2763] upload_file request headers: {'User-Agent': 'python-requests/2.31.0', 'Accept-Encoding': 'gzip, deflate, br, zstd', 'Accept': '*/*', 'Connection': 'keep-alive', 'x-amz-meta-md5': 'wt+PCmy04FImuFe2zcU/TQ==', 'Content-MD5': 'wt+PCmy04FImuFe2zcU/TQ==', 'Content-Type': 'text/plain; charset=utf-8', 'Content-Length': '5025', 'Authorization': 'Basic dXNlcjpsb2NhbC0yNWIwMmYyNWUzNGUzOTlkYmI1OWJjNjFlZWVmY2RkZTYzNDRhOGI2'}
2024-08-08 17:14:22,373 ERROR   wandb-upload_3:289215 [internal_api.py:upload_file():2765] upload_file response body: b'<?xml version="1.0" encoding="UTF-8"?>\n<Error><Code>SlowDown</Code><Message>Resource requested is unreadable, please reduce your request rate</Message><Key>wandb_artifacts/41/521/c2df8f0a6cb4e05226b857b6cdc53f4d</Key><BucketName>local-files</BucketName><Resource>/local-files/wandb_artifacts/41/521/c2df8f0a6cb4e05226b857b6cdc53f4d</Resource><Region>wandb-local</Region><RequestId>17E9B604599795B8</RequestId><HostId>18bf63b7-01d2-4a3f-8eda-6b508ac9c4f3</HostId></Error>'
2024-08-08 17:14:22,856 ERROR   wandb-upload_4:289215 [internal_api.py:upload_file():2761] upload_file exception http://dian.sea-group.org:9098/local-files/wandb_artifacts/41/521/99df597bfbd8f48d94032ad571ab30ec?X-Amz-Algorithm=AWS4-HMAC-SHA256&X-Amz-Credential=FS%2BimP8205gHBuibMeAr0A%3D%3D%2F20240808%2Fwandb-local%2Fs3%2Faws4_request&X-Amz-Date=20240808T091404Z&X-Amz-Expires=86400&X-Amz-SignedHeaders=content-md5%3Bcontent-type%3Bhost%3Bx-amz-meta-md5&X-User=mobius&X-Amz-Signature=1c57cf21afd9f97f67e48b3d492d537c8a6fdd25e8f1953cdbb8b4b7d2a8eb2a: 503 Server Error: Service Unavailable for url: http://dian.sea-group.org:9098/local-files/wandb_artifacts/41/521/99df597bfbd8f48d94032ad571ab30ec?X-Amz-Algorithm=AWS4-HMAC-SHA256&X-Amz-Credential=FS%2BimP8205gHBuibMeAr0A%3D%3D%2F20240808%2Fwandb-local%2Fs3%2Faws4_request&X-Amz-Date=20240808T091404Z&X-Amz-Expires=86400&X-Amz-SignedHeaders=content-md5%3Bcontent-type%3Bhost%3Bx-amz-meta-md5&X-User=mobius&X-Amz-Signature=1c57cf21afd9f97f67e48b3d492d537c8a6fdd25e8f1953cdbb8b4b7d2a8eb2a
2024-08-08 17:14:22,856 ERROR   wandb-upload_4:289215 [internal_api.py:upload_file():2763] upload_file request headers: {'User-Agent': 'python-requests/2.31.0', 'Accept-Encoding': 'gzip, deflate, br, zstd', 'Accept': '*/*', 'Connection': 'keep-alive', 'x-amz-meta-md5': 'md9Ze/vY9I2UAyrVcasw7A==', 'Content-MD5': 'md9Ze/vY9I2UAyrVcasw7A==', 'Content-Type': 'application/json', 'Content-Length': '25169', 'Authorization': 'Basic dXNlcjpsb2NhbC0yNWIwMmYyNWUzNGUzOTlkYmI1OWJjNjFlZWVmY2RkZTYzNDRhOGI2'}
2024-08-08 17:14:22,856 ERROR   wandb-upload_4:289215 [internal_api.py:upload_file():2765] upload_file response body: b'<?xml version="1.0" encoding="UTF-8"?>\n<Error><Code>SlowDown</Code><Message>Resource requested is unreadable, please reduce your request rate</Message><Key>wandb_artifacts/41/521/99df597bfbd8f48d94032ad571ab30ec</Key><BucketName>local-files</BucketName><Resource>/local-files/wandb_artifacts/41/521/99df597bfbd8f48d94032ad571ab30ec</Resource><Region>wandb-local</Region><RequestId>17E9B6047A6F41E9</RequestId><HostId>18bf63b7-01d2-4a3f-8eda-6b508ac9c4f3</HostId></Error>'
2024-08-08 17:14:23,372 DEBUG   HandlerThread:289215 [handler.py:handle_request():146] handle_request: keepalive
2024-08-08 17:14:28,374 DEBUG   HandlerThread:289215 [handler.py:handle_request():146] handle_request: keepalive
2024-08-08 17:14:33,376 DEBUG   HandlerThread:289215 [handler.py:handle_request():146] handle_request: keepalive
2024-08-08 17:14:36,689 ERROR   wandb-upload_1:289215 [internal_api.py:upload_file():2761] upload_file exception http://dian.sea-group.org:9098/local-files/mobius/huggingface/csoaz0cf/code/llama/gmm.py?X-Amz-Algorithm=AWS4-HMAC-SHA256&X-Amz-Credential=FS%2BimP8205gHBuibMeAr0A%3D%3D%2F20240808%2Fwandb-local%2Fs3%2Faws4_request&X-Amz-Date=20240808T091402Z&X-Amz-Expires=86400&X-Amz-SignedHeaders=host&X-User=mobius&X-Amz-Signature=69ea93a2310c17287c999db71cb7632f340a2af6313012cd0a84bb4b7e0570b9: 503 Server Error: Service Unavailable for url: http://dian.sea-group.org:9098/local-files/mobius/huggingface/csoaz0cf/code/llama/gmm.py?X-Amz-Algorithm=AWS4-HMAC-SHA256&X-Amz-Credential=FS%2BimP8205gHBuibMeAr0A%3D%3D%2F20240808%2Fwandb-local%2Fs3%2Faws4_request&X-Amz-Date=20240808T091402Z&X-Amz-Expires=86400&X-Amz-SignedHeaders=host&X-User=mobius&X-Amz-Signature=69ea93a2310c17287c999db71cb7632f340a2af6313012cd0a84bb4b7e0570b9
2024-08-08 17:14:36,689 ERROR   wandb-upload_1:289215 [internal_api.py:upload_file():2763] upload_file request headers: {'User-Agent': 'python-requests/2.31.0', 'Accept-Encoding': 'gzip, deflate, br, zstd', 'Accept': '*/*', 'Connection': 'keep-alive', 'Content-Length': '14190', 'Authorization': 'Basic dXNlcjpsb2NhbC0yNWIwMmYyNWUzNGUzOTlkYmI1OWJjNjFlZWVmY2RkZTYzNDRhOGI2'}
2024-08-08 17:14:36,689 ERROR   wandb-upload_1:289215 [internal_api.py:upload_file():2765] upload_file response body: b'<?xml version="1.0" encoding="UTF-8"?>\n<Error><Code>SlowDown</Code><Message>Resource requested is unreadable, please reduce your request rate</Message><Key>mobius/huggingface/csoaz0cf/code/llama/gmm.py</Key><BucketName>local-files</BucketName><Resource>/local-files/mobius/huggingface/csoaz0cf/code/llama/gmm.py</Resource><Region>wandb-local</Region><RequestId>17E9B607AACD86A1</RequestId><HostId>18bf63b7-01d2-4a3f-8eda-6b508ac9c4f3</HostId></Error>'
2024-08-08 17:14:38,043 ERROR   wandb-upload_2:289215 [internal_api.py:upload_file():2761] upload_file exception http://dian.sea-group.org:9098/local-files/mobius/huggingface/csoaz0cf/diff.patch?X-Amz-Algorithm=AWS4-HMAC-SHA256&X-Amz-Credential=FS%2BimP8205gHBuibMeAr0A%3D%3D%2F20240808%2Fwandb-local%2Fs3%2Faws4_request&X-Amz-Date=20240808T091402Z&X-Amz-Expires=86400&X-Amz-SignedHeaders=host&X-User=mobius&X-Amz-Signature=266a0b8529f891f47ed8778210152b9a06364d86406b03bdd4e4a82577ab5786: 503 Server Error: Service Unavailable for url: http://dian.sea-group.org:9098/local-files/mobius/huggingface/csoaz0cf/diff.patch?X-Amz-Algorithm=AWS4-HMAC-SHA256&X-Amz-Credential=FS%2BimP8205gHBuibMeAr0A%3D%3D%2F20240808%2Fwandb-local%2Fs3%2Faws4_request&X-Amz-Date=20240808T091402Z&X-Amz-Expires=86400&X-Amz-SignedHeaders=host&X-User=mobius&X-Amz-Signature=266a0b8529f891f47ed8778210152b9a06364d86406b03bdd4e4a82577ab5786
2024-08-08 17:14:38,043 ERROR   wandb-upload_2:289215 [internal_api.py:upload_file():2763] upload_file request headers: {'User-Agent': 'python-requests/2.31.0', 'Accept-Encoding': 'gzip, deflate, br, zstd', 'Accept': '*/*', 'Connection': 'keep-alive', 'Content-Length': '291738', 'Authorization': 'Basic dXNlcjpsb2NhbC0yNWIwMmYyNWUzNGUzOTlkYmI1OWJjNjFlZWVmY2RkZTYzNDRhOGI2'}
2024-08-08 17:14:38,043 ERROR   wandb-upload_2:289215 [internal_api.py:upload_file():2765] upload_file response body: b'<?xml version="1.0" encoding="UTF-8"?>\n<Error><Code>SlowDown</Code><Message>Resource requested is unreadable, please reduce your request rate</Message><Key>mobius/huggingface/csoaz0cf/diff.patch</Key><BucketName>local-files</BucketName><Resource>/local-files/mobius/huggingface/csoaz0cf/diff.patch</Resource><Region>wandb-local</Region><RequestId>17E9B607E6D8E2AB</RequestId><HostId>18bf63b7-01d2-4a3f-8eda-6b508ac9c4f3</HostId></Error>'
2024-08-08 17:14:38,381 DEBUG   HandlerThread:289215 [handler.py:handle_request():146] handle_request: keepalive
2024-08-08 17:14:39,437 ERROR   wandb-upload_0:289215 [internal_api.py:upload_file():2761] upload_file exception http://dian.sea-group.org:9098/local-files/mobius/huggingface/csoaz0cf/wandb-metadata.json?X-Amz-Algorithm=AWS4-HMAC-SHA256&X-Amz-Credential=FS%2BimP8205gHBuibMeAr0A%3D%3D%2F20240808%2Fwandb-local%2Fs3%2Faws4_request&X-Amz-Date=20240808T091402Z&X-Amz-Expires=86400&X-Amz-SignedHeaders=host&X-User=mobius&X-Amz-Signature=d0b1ab7d1f2b492a80272064d017ced7b6a5cf80cd7d69ec68fb72acf92985c1: 503 Server Error: Service Unavailable for url: http://dian.sea-group.org:9098/local-files/mobius/huggingface/csoaz0cf/wandb-metadata.json?X-Amz-Algorithm=AWS4-HMAC-SHA256&X-Amz-Credential=FS%2BimP8205gHBuibMeAr0A%3D%3D%2F20240808%2Fwandb-local%2Fs3%2Faws4_request&X-Amz-Date=20240808T091402Z&X-Amz-Expires=86400&X-Amz-SignedHeaders=host&X-User=mobius&X-Amz-Signature=d0b1ab7d1f2b492a80272064d017ced7b6a5cf80cd7d69ec68fb72acf92985c1
2024-08-08 17:14:39,437 ERROR   wandb-upload_0:289215 [internal_api.py:upload_file():2763] upload_file request headers: {'User-Agent': 'python-requests/2.31.0', 'Accept-Encoding': 'gzip, deflate, br, zstd', 'Accept': '*/*', 'Connection': 'keep-alive', 'Content-Length': '5254', 'Authorization': 'Basic dXNlcjpsb2NhbC0yNWIwMmYyNWUzNGUzOTlkYmI1OWJjNjFlZWVmY2RkZTYzNDRhOGI2'}
2024-08-08 17:14:39,437 ERROR   wandb-upload_0:289215 [internal_api.py:upload_file():2765] upload_file response body: b'<?xml version="1.0" encoding="UTF-8"?>\n<Error><Code>SlowDown</Code><Message>Resource requested is unreadable, please reduce your request rate</Message><Key>mobius/huggingface/csoaz0cf/wandb-metadata.json</Key><BucketName>local-files</BucketName><Resource>/local-files/mobius/huggingface/csoaz0cf/wandb-metadata.json</Resource><Region>wandb-local</Region><RequestId>17E9B60857C6C1B8</RequestId><HostId>18bf63b7-01d2-4a3f-8eda-6b508ac9c4f3</HostId></Error>'
2024-08-08 17:14:40,163 ERROR   wandb-upload_3:289215 [internal_api.py:upload_file():2761] upload_file exception http://dian.sea-group.org:9098/local-files/wandb_artifacts/41/521/c2df8f0a6cb4e05226b857b6cdc53f4d?X-Amz-Algorithm=AWS4-HMAC-SHA256&X-Amz-Credential=FS%2BimP8205gHBuibMeAr0A%3D%3D%2F20240808%2Fwandb-local%2Fs3%2Faws4_request&X-Amz-Date=20240808T091404Z&X-Amz-Expires=86400&X-Amz-SignedHeaders=content-md5%3Bcontent-type%3Bhost%3Bx-amz-meta-md5&X-User=mobius&X-Amz-Signature=9824330498f6306e0287efff254654adafc7336e98acf08231a84e1ad82ece7f: 503 Server Error: Service Unavailable for url: http://dian.sea-group.org:9098/local-files/wandb_artifacts/41/521/c2df8f0a6cb4e05226b857b6cdc53f4d?X-Amz-Algorithm=AWS4-HMAC-SHA256&X-Amz-Credential=FS%2BimP8205gHBuibMeAr0A%3D%3D%2F20240808%2Fwandb-local%2Fs3%2Faws4_request&X-Amz-Date=20240808T091404Z&X-Amz-Expires=86400&X-Amz-SignedHeaders=content-md5%3Bcontent-type%3Bhost%3Bx-amz-meta-md5&X-User=mobius&X-Amz-Signature=9824330498f6306e0287efff254654adafc7336e98acf08231a84e1ad82ece7f
2024-08-08 17:14:40,163 ERROR   wandb-upload_3:289215 [internal_api.py:upload_file():2763] upload_file request headers: {'User-Agent': 'python-requests/2.31.0', 'Accept-Encoding': 'gzip, deflate, br, zstd', 'Accept': '*/*', 'Connection': 'keep-alive', 'x-amz-meta-md5': 'wt+PCmy04FImuFe2zcU/TQ==', 'Content-MD5': 'wt+PCmy04FImuFe2zcU/TQ==', 'Content-Type': 'text/plain; charset=utf-8', 'Content-Length': '5025', 'Authorization': 'Basic dXNlcjpsb2NhbC0yNWIwMmYyNWUzNGUzOTlkYmI1OWJjNjFlZWVmY2RkZTYzNDRhOGI2'}
2024-08-08 17:14:40,163 ERROR   wandb-upload_3:289215 [internal_api.py:upload_file():2765] upload_file response body: b'<?xml version="1.0" encoding="UTF-8"?>\n<Error><Code>SlowDown</Code><Message>Resource requested is unreadable, please reduce your request rate</Message><Key>wandb_artifacts/41/521/c2df8f0a6cb4e05226b857b6cdc53f4d</Key><BucketName>local-files</BucketName><Resource>/local-files/wandb_artifacts/41/521/c2df8f0a6cb4e05226b857b6cdc53f4d</Resource><Region>wandb-local</Region><RequestId>17E9B60883C08F69</RequestId><HostId>18bf63b7-01d2-4a3f-8eda-6b508ac9c4f3</HostId></Error>'
2024-08-08 17:14:40,180 ERROR   wandb-upload_4:289215 [internal_api.py:upload_file():2761] upload_file exception http://dian.sea-group.org:9098/local-files/wandb_artifacts/41/521/99df597bfbd8f48d94032ad571ab30ec?X-Amz-Algorithm=AWS4-HMAC-SHA256&X-Amz-Credential=FS%2BimP8205gHBuibMeAr0A%3D%3D%2F20240808%2Fwandb-local%2Fs3%2Faws4_request&X-Amz-Date=20240808T091404Z&X-Amz-Expires=86400&X-Amz-SignedHeaders=content-md5%3Bcontent-type%3Bhost%3Bx-amz-meta-md5&X-User=mobius&X-Amz-Signature=1c57cf21afd9f97f67e48b3d492d537c8a6fdd25e8f1953cdbb8b4b7d2a8eb2a: 503 Server Error: Service Unavailable for url: http://dian.sea-group.org:9098/local-files/wandb_artifacts/41/521/99df597bfbd8f48d94032ad571ab30ec?X-Amz-Algorithm=AWS4-HMAC-SHA256&X-Amz-Credential=FS%2BimP8205gHBuibMeAr0A%3D%3D%2F20240808%2Fwandb-local%2Fs3%2Faws4_request&X-Amz-Date=20240808T091404Z&X-Amz-Expires=86400&X-Amz-SignedHeaders=content-md5%3Bcontent-type%3Bhost%3Bx-amz-meta-md5&X-User=mobius&X-Amz-Signature=1c57cf21afd9f97f67e48b3d492d537c8a6fdd25e8f1953cdbb8b4b7d2a8eb2a
2024-08-08 17:14:40,180 ERROR   wandb-upload_4:289215 [internal_api.py:upload_file():2763] upload_file request headers: {'User-Agent': 'python-requests/2.31.0', 'Accept-Encoding': 'gzip, deflate, br, zstd', 'Accept': '*/*', 'Connection': 'keep-alive', 'x-amz-meta-md5': 'md9Ze/vY9I2UAyrVcasw7A==', 'Content-MD5': 'md9Ze/vY9I2UAyrVcasw7A==', 'Content-Type': 'application/json', 'Content-Length': '25169', 'Authorization': 'Basic dXNlcjpsb2NhbC0yNWIwMmYyNWUzNGUzOTlkYmI1OWJjNjFlZWVmY2RkZTYzNDRhOGI2'}
2024-08-08 17:14:40,180 ERROR   wandb-upload_4:289215 [internal_api.py:upload_file():2765] upload_file response body: b'<?xml version="1.0" encoding="UTF-8"?>\n<Error><Code>SlowDown</Code><Message>Resource requested is unreadable, please reduce your request rate</Message><Key>wandb_artifacts/41/521/99df597bfbd8f48d94032ad571ab30ec</Key><BucketName>local-files</BucketName><Resource>/local-files/wandb_artifacts/41/521/99df597bfbd8f48d94032ad571ab30ec</Resource><Region>wandb-local</Region><RequestId>17E9B60881F13C76</RequestId><HostId>18bf63b7-01d2-4a3f-8eda-6b508ac9c4f3</HostId></Error>'
2024-08-08 17:14:43,383 DEBUG   HandlerThread:289215 [handler.py:handle_request():146] handle_request: keepalive
